{"meta": {"format": 3, "version": "7.15.2", "timestamp": "2026-08-02T18:41:32.423989", "branch_coverage": false, "show_contexts": false}, "files": {"src\\credlens\\__init__.py": {"executed_lines": [6, 8, 10, 11, 15], "summary": {"covered_lines": 5, "num_statements": 5, "percent_covered": 100.0, "percent_covered_display": "100", "missing_lines": 0, "excluded_lines": 2, "percent_statements_covered": 100.0, "percent_statements_covered_display": "100"}, "missing_lines": [], "excluded_lines": [12, 13], "functions": {"": {"executed_lines": [6, 8, 10, 11, 15], "summary": {"covered_lines": 5, "num_statements": 5, "percent_covered": 100.0, "percent_covered_display": "100", "missing_lines": 0, "excluded_lines": 2, "percent_statements_covered": 100.0, "percent_statements_covered_display": "100"}, "missing_lines": [], "excluded_lines": [12, 13], "start_line": 1}}, "classes": {"": {"executed_lines": [6, 8, 10, 11, 15], "summary": {"covered_lines": 5, "num_statements": 5, "percent_covered": 100.0, "percent_covered_display": "100", "missing_lines": 0, "excluded_lines": 2, "percent_statements_covered": 100.0, "percent_statements_covered_display": "100"}, "missing_lines": [], "excluded_lines": [12, 13], "start_line": 1}}}, "src\\credlens\\__main__.py": {"executed_lines": [3, 5, 7], "summary": {"covered_lines": 3, "num_statements": 3, "percent_covered": 100.0, "percent_covered_display": "100", "missing_lines": 0, "excluded_lines": 2, "percent_statements_covered": 100.0, "percent_statements_covered_display": "100"}, "missing_lines": [], "excluded_lines": [9, 10], "functions": {"": {"executed_lines": [3, 5, 7], "summary": {"covered_lines": 3, "num_statements": 3, "percent_covered": 100.0, "percent_covered_display": "100", "missing_lines": 0, "excluded_lines": 2, "percent_statements_covered": 100.0, "percent_statements_covered_display": "100"}, "missing_lines": [], "excluded_lines": [9, 10], "start_line": 1}}, "classes": {"": {"executed_lines": [3, 5, 7], "summary": {"covered_lines": 3, "num_statements": 3, "percent_covered": 100.0, "percent_covered_display": "100", "missing_lines": 0, "excluded_lines": 2, "percent_statements_covered": 100.0, "percent_statements_covered_display": "100"}, "missing_lines": [], "excluded_lines": [9, 10], "start_line": 1}}}, "src\\credlens\\analysis\\__init__.py": {"executed_lines": [9], "summary": {"covered_lines": 1, "num_statements": 1, "percent_covered": 100.0, "percent_covered_display": "100", "missing_lines": 0, "excluded_lines": 0, "percent_statements_covered": 100.0, "percent_statements_covered_display": "100"}, "missing_lines": [], "excluded_lines": [], "functions": {"": {"executed_lines": [9], "summary": {"covered_lines": 1, "num_statements": 1, "percent_covered": 100.0, "percent_covered_display": "100", "missing_lines": 0, "excluded_lines": 0, "percent_statements_covered": 100.0, "percent_statements_covered_display": "100"}, "missing_lines": [], "excluded_lines": [], "start_line": 1}}, "classes": {"": {"executed_lines": [9], "summary": {"covered_lines": 1, "num_statements": 1, "percent_covered": 100.0, "percent_covered_display": "100", "missing_lines": 0, "excluded_lines": 0, "percent_statements_covered": 100.0, "percent_statements_covered_display": "100"}, "missing_lines": [], "excluded_lines": [], "start_line": 1}}}, "src\\credlens\\analysis\\benchmark.py": {"executed_lines": [15, 17, 18, 19, 20, 22, 24, 25, 27, 32, 60, 61, 62, 63, 64, 65, 66, 67, 69, 70, 80, 81, 82, 84, 87, 88, 89, 91, 94, 95, 96, 98, 99, 102, 108, 114, 115, 116, 117, 119, 120, 121, 122, 124, 125, 126, 127, 128, 131, 132, 133, 134, 137, 145, 147, 148, 149, 153, 163], "summary": {"covered_lines": 59, "num_statements": 66, "percent_covered": 89.39393939393939, "percent_covered_display": "89", "missing_lines": 7, "excluded_lines": 0, "percent_statements_covered": 89.39393939393939, "percent_statements_covered_display": "89"}, "missing_lines": [83, 90, 97, 129, 130, 135, 136], "excluded_lines": [], "functions": {"BenchmarkProfile.to_dict": {"executed_lines": [70], "summary": {"covered_lines": 1, "num_statements": 1, "percent_covered": 100.0, "percent_covered_display": "100", "missing_lines": 0, "excluded_lines": 0, "percent_statements_covered": 100.0, "percent_statements_covered_display": "100"}, "missing_lines": [], "excluded_lines": [], "start_line": 69}, "_load_uci_default_credit": {"executed_lines": [81, 82, 84], "summary": {"covered_lines": 3, "num_statements": 4, "percent_covered": 75.0, "percent_covered_display": "75", "missing_lines": 1, "excluded_lines": 0, "percent_statements_covered": 75.0, "percent_statements_covered_display": "75"}, "missing_lines": [83], "excluded_lines": [], "start_line": 80}, "_load_south_german_credit": {"executed_lines": [88, 89, 91], "summary": {"covered_lines": 3, "num_statements": 4, "percent_covered": 75.0, "percent_covered_display": "75", "missing_lines": 1, "excluded_lines": 0, "percent_statements_covered": 75.0, "percent_statements_covered_display": "75"}, "missing_lines": [90], "excluded_lines": [], "start_line": 87}, "_load_bcb_series": {"executed_lines": [95, 96, 98, 99], "summary": {"covered_lines": 4, "num_statements": 5, "percent_covered": 80.0, "percent_covered_display": "80", "missing_lines": 1, "excluded_lines": 0, "percent_statements_covered": 80.0, "percent_statements_covered_display": "80"}, "missing_lines": [97], "excluded_lines": [], "start_line": 94}, "profile_public_sources": {"executed_lines": [114, 115, 116, 117, 119, 120, 121, 122, 124, 125, 126, 127, 128, 131, 132, 133, 134, 137, 145, 147, 148, 149, 153, 163], "summary": {"covered_lines": 24, "num_statements": 28, "percent_covered": 85.71428571428571, "percent_covered_display": "86", "missing_lines": 4, "excluded_lines": 0, "percent_statements_covered": 85.71428571428571, "percent_statements_covered_display": "86"}, "missing_lines": [129, 130, 135, 136], "excluded_lines": [], "start_line": 108}, "": {"executed_lines": [15, 17, 18, 19, 20, 22, 24, 25, 27, 32, 60, 61, 62, 63, 64, 65, 66, 67, 69, 80, 87, 94, 102, 108], "summary": {"covered_lines": 24, "num_statements": 24, "percent_covered": 100.0, "percent_covered_display": "100", "missing_lines": 0, "excluded_lines": 0, "percent_statements_covered": 100.0, "percent_statements_covered_display": "100"}, "missing_lines": [], "excluded_lines": [], "start_line": 1}}, "classes": {"BenchmarkProfile": {"executed_lines": [70], "summary": {"covered_lines": 1, "num_statements": 1, "percent_covered": 100.0, "percent_covered_display": "100", "missing_lines": 0, "excluded_lines": 0, "percent_statements_covered": 100.0, "percent_statements_covered_display": "100"}, "missing_lines": [], "excluded_lines": [], "start_line": 61}, "": {"executed_lines": [15, 17, 18, 19, 20, 22, 24, 25, 27, 32, 60, 61, 62, 63, 64, 65, 66, 67, 69, 80, 81, 82, 84, 87, 88, 89, 91, 94, 95, 96, 98, 99, 102, 108, 114, 115, 116, 117, 119, 120, 121, 122, 124, 125, 126, 127, 128, 131, 132, 133, 134, 137, 145, 147, 148, 149, 153, 163], "summary": {"covered_lines": 58, "num_statements": 65, "percent_covered": 89.23076923076923, "percent_covered_display": "89", "missing_lines": 7, "excluded_lines": 0, "percent_statements_covered": 89.23076923076923, "percent_statements_covered_display": "89"}, "missing_lines": [83, 90, 97, 129, 130, 135, 136], "excluded_lines": [], "start_line": 1}}}, "src\\credlens\\analysis\\charts.py": {"executed_lines": [10, 12, 13, 15, 17, 18, 19, 24, 34, 43, 49, 61, 62, 63, 66, 67, 68, 69, 70, 71, 72, 75, 78, 81, 82, 84, 85, 86, 87, 88, 89, 90, 91, 92, 93, 94, 95, 98, 100, 101, 102, 103, 104, 105, 106, 107, 108, 109, 110, 111, 114, 117, 118, 119, 120, 121, 122, 123, 124, 125, 126, 127, 128, 131, 136, 137, 138, 144, 145, 146, 147, 148, 149, 150, 151, 152, 153, 154, 155, 156, 157, 158, 161, 164, 165, 166, 167, 168, 169, 170, 171, 172, 173, 174, 175, 176, 179, 182, 185, 186, 187, 188, 189, 196, 197, 198, 199, 200, 201, 204, 207, 208, 209, 210, 217, 224, 225, 226, 227, 228, 229, 232, 235, 236, 241, 242, 243, 250, 257, 258, 259, 260, 261, 262, 265, 268, 269, 270, 271, 272, 279, 286, 287, 288, 289, 290, 291, 294, 297, 298, 299, 300, 302, 303, 304, 305, 306, 307, 308, 309, 310, 311, 314, 318, 325, 326, 327, 328, 332, 333, 334, 335, 336, 337, 340, 350, 351, 352, 353, 354, 355, 356, 357, 358, 369], "summary": {"covered_lines": 185, "num_statements": 185, "percent_covered": 100.0, "percent_covered_display": "100", "missing_lines": 0, "excluded_lines": 0, "percent_statements_covered": 100.0, "percent_statements_covered_display": "100"}, "missing_lines": [], "excluded_lines": [], "functions": {"_watermark": {"executed_lines": [49], "summary": {"covered_lines": 1, "num_statements": 1, "percent_covered": 100.0, "percent_covered_display": "100", "missing_lines": 0, "excluded_lines": 0, "percent_statements_covered": 100.0, "percent_statements_covered_display": "100"}, "missing_lines": [], "excluded_lines": [], "start_line": 43}, "_new_fig": {"executed_lines": [62, 63], "summary": {"covered_lines": 2, "num_statements": 2, "percent_covered": 100.0, "percent_covered_display": "100", "missing_lines": 0, "excluded_lines": 0, "percent_statements_covered": 100.0, "percent_statements_covered_display": "100"}, "missing_lines": [], "excluded_lines": [], "start_line": 61}, "_save": {"executed_lines": [67, 68, 69, 70, 71, 72], "summary": {"covered_lines": 6, "num_statements": 6, "percent_covered": 100.0, "percent_covered_display": "100", "missing_lines": 0, "excluded_lines": 0, "percent_statements_covered": 100.0, "percent_statements_covered_display": "100"}, "missing_lines": [], "excluded_lines": [], "start_line": 66}, "credit_funnel": {"executed_lines": [78, 81, 82, 84, 85, 86, 87, 88, 89, 90, 91, 92, 93, 94, 95], "summary": {"covered_lines": 15, "num_statements": 15, "percent_covered": 100.0, "percent_covered_display": "100", "missing_lines": 0, "excluded_lines": 0, "percent_statements_covered": 100.0, "percent_statements_covered_display": "100"}, "missing_lines": [], "excluded_lines": [], "start_line": 75}, "outstanding_balance_over_time": {"executed_lines": [100, 101, 102, 103, 104, 105, 106, 107, 108, 109, 110, 111], "summary": {"covered_lines": 12, "num_statements": 12, "percent_covered": 100.0, "percent_covered_display": "100", "missing_lines": 0, "excluded_lines": 0, "percent_statements_covered": 100.0, "percent_statements_covered_display": "100"}, "missing_lines": [], "excluded_lines": [], "start_line": 98}, "par_curves": {"executed_lines": [117, 118, 119, 120, 121, 122, 123, 124, 125, 126, 127, 128], "summary": {"covered_lines": 12, "num_statements": 12, "percent_covered": 100.0, "percent_covered_display": "100", "missing_lines": 0, "excluded_lines": 0, "percent_statements_covered": 100.0, "percent_statements_covered_display": "100"}, "missing_lines": [], "excluded_lines": [], "start_line": 114}, "roll_rate_heatmap": {"executed_lines": [136, 137, 138, 144, 145, 146, 147, 148, 149, 150, 151, 152, 153, 154, 155, 156, 157, 158], "summary": {"covered_lines": 18, "num_statements": 18, "percent_covered": 100.0, "percent_covered_display": "100", "missing_lines": 0, "excluded_lines": 0, "percent_statements_covered": 100.0, "percent_statements_covered_display": "100"}, "missing_lines": [], "excluded_lines": [], "start_line": 131}, "vintage_curves": {"executed_lines": [164, 165, 166, 167, 168, 169, 170, 171, 172, 173, 174, 175, 176], "summary": {"covered_lines": 13, "num_statements": 13, "percent_covered": 100.0, "percent_covered_display": "100", "missing_lines": 0, "excluded_lines": 0, "percent_statements_covered": 100.0, "percent_statements_covered_display": "100"}, "missing_lines": [], "excluded_lines": [], "start_line": 161}, "cure_and_relapse": {"executed_lines": [182, 185, 186, 187, 188, 189, 196, 197, 198, 199, 200, 201], "summary": {"covered_lines": 12, "num_statements": 12, "percent_covered": 100.0, "percent_covered_display": "100", "missing_lines": 0, "excluded_lines": 0, "percent_statements_covered": 100.0, "percent_statements_covered_display": "100"}, "missing_lines": [], "excluded_lines": [], "start_line": 179}, "writeoff_and_recovery": {"executed_lines": [207, 208, 209, 210, 217, 224, 225, 226, 227, 228, 229], "summary": {"covered_lines": 11, "num_statements": 11, "percent_covered": 100.0, "percent_covered_display": "100", "missing_lines": 0, "excluded_lines": 0, "percent_statements_covered": 100.0, "percent_statements_covered_display": "100"}, "missing_lines": [], "excluded_lines": [], "start_line": 204}, "policy_scenario_comparison": {"executed_lines": [235, 236, 241, 242, 243, 250, 257, 258, 259, 260, 261, 262], "summary": {"covered_lines": 12, "num_statements": 12, "percent_covered": 100.0, "percent_covered_display": "100", "missing_lines": 0, "excluded_lines": 0, "percent_statements_covered": 100.0, "percent_statements_covered_display": "100"}, "missing_lines": [], "excluded_lines": [], "start_line": 232}, "macro_stress_pre_post_chart": {"executed_lines": [268, 269, 270, 271, 272, 279, 286, 287, 288, 289, 290, 291], "summary": {"covered_lines": 12, "num_statements": 12, "percent_covered": 100.0, "percent_covered_display": "100", "missing_lines": 0, "excluded_lines": 0, "percent_statements_covered": 100.0, "percent_statements_covered_display": "100"}, "missing_lines": [], "excluded_lines": [], "start_line": 265}, "multiseed_stability": {"executed_lines": [297, 298, 299, 300, 302, 303, 304, 305, 306, 307, 308, 309, 310, 311], "summary": {"covered_lines": 14, "num_statements": 14, "percent_covered": 100.0, "percent_covered_display": "100", "missing_lines": 0, "excluded_lines": 0, "percent_statements_covered": 100.0, "percent_statements_covered_display": "100"}, "missing_lines": [], "excluded_lines": [], "start_line": 294}, "quality_provenance_scorecard": {"executed_lines": [318, 325, 326, 327, 328, 332, 333, 334, 335, 336, 337], "summary": {"covered_lines": 11, "num_statements": 11, "percent_covered": 100.0, "percent_covered_display": "100", "missing_lines": 0, "excluded_lines": 0, "percent_statements_covered": 100.0, "percent_statements_covered_display": "100"}, "missing_lines": [], "excluded_lines": [], "start_line": 314}, "public_benchmark_overview": {"executed_lines": [350, 351, 352, 353, 354, 355, 356, 357, 358, 369], "summary": {"covered_lines": 10, "num_statements": 10, "percent_covered": 100.0, "percent_covered_display": "100", "missing_lines": 0, "excluded_lines": 0, "percent_statements_covered": 100.0, "percent_statements_covered_display": "100"}, "missing_lines": [], "excluded_lines": [], "start_line": 340}, "": {"executed_lines": [10, 12, 13, 15, 17, 18, 19, 24, 34, 43, 61, 66, 75, 98, 114, 131, 161, 179, 204, 232, 265, 294, 314, 340], "summary": {"covered_lines": 24, "num_statements": 24, "percent_covered": 100.0, "percent_covered_display": "100", "missing_lines": 0, "excluded_lines": 0, "percent_statements_covered": 100.0, "percent_statements_covered_display": "100"}, "missing_lines": [], "excluded_lines": [], "start_line": 1}}, "classes": {"": {"executed_lines": [10, 12, 13, 15, 17, 18, 19, 24, 34, 43, 49, 61, 62, 63, 66, 67, 68, 69, 70, 71, 72, 75, 78, 81, 82, 84, 85, 86, 87, 88, 89, 90, 91, 92, 93, 94, 95, 98, 100, 101, 102, 103, 104, 105, 106, 107, 108, 109, 110, 111, 114, 117, 118, 119, 120, 121, 122, 123, 124, 125, 126, 127, 128, 131, 136, 137, 138, 144, 145, 146, 147, 148, 149, 150, 151, 152, 153, 154, 155, 156, 157, 158, 161, 164, 165, 166, 167, 168, 169, 170, 171, 172, 173, 174, 175, 176, 179, 182, 185, 186, 187, 188, 189, 196, 197, 198, 199, 200, 201, 204, 207, 208, 209, 210, 217, 224, 225, 226, 227, 228, 229, 232, 235, 236, 241, 242, 243, 250, 257, 258, 259, 260, 261, 262, 265, 268, 269, 270, 271, 272, 279, 286, 287, 288, 289, 290, 291, 294, 297, 298, 299, 300, 302, 303, 304, 305, 306, 307, 308, 309, 310, 311, 314, 318, 325, 326, 327, 328, 332, 333, 334, 335, 336, 337, 340, 350, 351, 352, 353, 354, 355, 356, 357, 358, 369], "summary": {"covered_lines": 185, "num_statements": 185, "percent_covered": 100.0, "percent_covered_display": "100", "missing_lines": 0, "excluded_lines": 0, "percent_statements_covered": 100.0, "percent_statements_covered_display": "100"}, "missing_lines": [], "excluded_lines": [], "start_line": 1}}}, "src\\credlens\\analysis\\data_provenance.py": {"executed_lines": [27, 29, 30, 32, 41, 48, 60, 63, 67, 68, 69, 70, 71, 73, 74, 75, 76, 77, 78, 80, 81, 90, 93, 98, 101, 104, 107, 110, 111, 115, 116, 117, 121, 122, 133, 141, 146, 147, 148, 149, 156, 157, 165, 189, 207, 208, 209, 210, 211, 217, 218, 219, 220, 221], "summary": {"covered_lines": 54, "num_statements": 54, "percent_covered": 100.0, "percent_covered_display": "100", "missing_lines": 0, "excluded_lines": 0, "percent_statements_covered": 100.0, "percent_statements_covered_display": "100"}, "missing_lines": [], "excluded_lines": [], "functions": {"ProvenanceRecord.label": {"executed_lines": [74, 75, 76, 77, 78], "summary": {"covered_lines": 5, "num_statements": 5, "percent_covered": 100.0, "percent_covered_display": "100", "missing_lines": 0, "excluded_lines": 0, "percent_statements_covered": 100.0, "percent_statements_covered_display": "100"}, "missing_lines": [], "excluded_lines": [], "start_line": 73}, "ProvenanceRecord.to_dict": {"executed_lines": [81], "summary": {"covered_lines": 1, "num_statements": 1, "percent_covered": 100.0, "percent_covered_display": "100", "missing_lines": 0, "excluded_lines": 0, "percent_statements_covered": 100.0, "percent_statements_covered_display": "100"}, "missing_lines": [], "excluded_lines": [], "start_line": 80}, "validate_provenance": {"executed_lines": [93, 98, 101, 104, 107, 110, 111, 115, 116, 117, 121, 122], "summary": {"covered_lines": 12, "num_statements": 12, "percent_covered": 100.0, "percent_covered_display": "100", "missing_lines": 0, "excluded_lines": 0, "percent_statements_covered": 100.0, "percent_statements_covered_display": "100"}, "missing_lines": [], "excluded_lines": [], "start_line": 90}, "classify_source_id": {"executed_lines": [146, 147, 148, 149], "summary": {"covered_lines": 4, "num_statements": 4, "percent_covered": 100.0, "percent_covered_display": "100", "missing_lines": 0, "excluded_lines": 0, "percent_statements_covered": 100.0, "percent_statements_covered_display": "100"}, "missing_lines": [], "excluded_lines": [], "start_line": 141}, "provenance_for_source": {"executed_lines": [157], "summary": {"covered_lines": 1, "num_statements": 1, "percent_covered": 100.0, "percent_covered_display": "100", "missing_lines": 0, "excluded_lines": 0, "percent_statements_covered": 100.0, "percent_statements_covered_display": "100"}, "missing_lines": [], "excluded_lines": [], "start_line": 156}, "get_figure_provenance": {"executed_lines": [208, 209, 210, 211], "summary": {"covered_lines": 4, "num_statements": 4, "percent_covered": 100.0, "percent_covered_display": "100", "missing_lines": 0, "excluded_lines": 0, "percent_statements_covered": 100.0, "percent_statements_covered_display": "100"}, "missing_lines": [], "excluded_lines": [], "start_line": 207}, "get_table_provenance": {"executed_lines": [218, 219, 220, 221], "summary": {"covered_lines": 4, "num_statements": 4, "percent_covered": 100.0, "percent_covered_display": "100", "missing_lines": 0, "excluded_lines": 0, "percent_statements_covered": 100.0, "percent_statements_covered_display": "100"}, "missing_lines": [], "excluded_lines": [], "start_line": 217}, "": {"executed_lines": [27, 29, 30, 32, 41, 48, 60, 63, 67, 68, 69, 70, 71, 73, 80, 90, 133, 141, 156, 165, 189, 207, 217], "summary": {"covered_lines": 23, "num_statements": 23, "percent_covered": 100.0, "percent_covered_display": "100", "missing_lines": 0, "excluded_lines": 0, "percent_statements_covered": 100.0, "percent_statements_covered_display": "100"}, "missing_lines": [], "excluded_lines": [], "start_line": 1}}, "classes": {"ProvenanceError": {"executed_lines": [], "summary": {"covered_lines": 0, "num_statements": 0, "percent_covered": 100.0, "percent_covered_display": "100", "missing_lines": 0, "excluded_lines": 0, "percent_statements_covered": 100.0, "percent_statements_covered_display": "100"}, "missing_lines": [], "excluded_lines": [], "start_line": 63}, "ProvenanceRecord": {"executed_lines": [74, 75, 76, 77, 78, 81], "summary": {"covered_lines": 6, "num_statements": 6, "percent_covered": 100.0, "percent_covered_display": "100", "missing_lines": 0, "excluded_lines": 0, "percent_statements_covered": 100.0, "percent_statements_covered_display": "100"}, "missing_lines": [], "excluded_lines": [], "start_line": 68}, "": {"executed_lines": [27, 29, 30, 32, 41, 48, 60, 63, 67, 68, 69, 70, 71, 73, 80, 90, 93, 98, 101, 104, 107, 110, 111, 115, 116, 117, 121, 122, 133, 141, 146, 147, 148, 149, 156, 157, 165, 189, 207, 208, 209, 210, 211, 217, 218, 219, 220, 221], "summary": {"covered_lines": 48, "num_statements": 48, "percent_covered": 100.0, "percent_covered_display": "100", "missing_lines": 0, "excluded_lines": 0, "percent_statements_covered": 100.0, "percent_statements_covered_display": "100"}, "missing_lines": [], "excluded_lines": [], "start_line": 1}}}, "src\\credlens\\analysis\\insights.py": {"executed_lines": [20, 22, 23, 24, 25, 26, 28, 29, 31, 32, 34, 47, 52, 66, 70, 71, 72, 73, 74, 75, 76, 77, 78, 79, 80, 81, 82, 83, 84, 85, 86, 87, 88, 89, 90, 91, 92, 93, 94, 95, 96, 97, 98, 100, 101, 131, 135, 136, 137, 140, 141, 142, 144, 147, 148, 149, 151, 154, 164, 165, 166, 167, 170, 171, 172, 173, 174, 175, 177, 178, 180, 182, 183, 185, 191, 192, 206, 207, 208, 209, 210, 211, 212, 213, 214, 215, 216, 259, 260, 261, 262, 263, 264, 265, 304, 305, 308, 309, 310, 311, 316, 317, 353, 354, 390, 391, 392, 393, 394, 395, 398, 401, 402, 436, 437, 438, 439, 440, 441, 442, 443, 444, 445, 446, 447, 488, 489, 490, 491, 492, 493, 494, 536, 537, 538, 539, 540, 541, 542, 543, 577, 622, 623, 628, 629, 631, 632, 671, 672, 673, 674, 676, 677, 718, 719, 720, 721, 729, 731, 732, 733, 734, 783, 784, 785, 789, 790, 791, 792, 838, 879, 891, 894, 901, 905, 906, 909, 910, 911, 917], "summary": {"covered_lines": 180, "num_statements": 187, "percent_covered": 96.2566844919786, "percent_covered_display": "96", "missing_lines": 7, "excluded_lines": 0, "percent_statements_covered": 96.2566844919786, "percent_statements_covered_display": "96"}, "missing_lines": [143, 150, 630, 675, 730, 786, 787], "excluded_lines": [], "functions": {"Insight.to_dict": {"executed_lines": [101], "summary": {"covered_lines": 1, "num_statements": 1, "percent_covered": 100.0, "percent_covered_display": "100", "missing_lines": 0, "excluded_lines": 0, "percent_statements_covered": 100.0, "percent_statements_covered_display": "100"}, "missing_lines": [], "excluded_lines": [], "start_line": 100}, "is_executive_ready": {"executed_lines": [135, 136, 137], "summary": {"covered_lines": 3, "num_statements": 3, "percent_covered": 100.0, "percent_covered_display": "100", "missing_lines": 0, "excluded_lines": 0, "percent_statements_covered": 100.0, "percent_statements_covered_display": "100"}, "missing_lines": [], "excluded_lines": [], "start_line": 131}, "_read_table": {"executed_lines": [141, 142, 144], "summary": {"covered_lines": 3, "num_statements": 4, "percent_covered": 75.0, "percent_covered_display": "75", "missing_lines": 1, "excluded_lines": 0, "percent_statements_covered": 75.0, "percent_statements_covered_display": "75"}, "missing_lines": [143], "excluded_lines": [], "start_line": 140}, "_period_from_dates": {"executed_lines": [148, 149, 151], "summary": {"covered_lines": 3, "num_statements": 4, "percent_covered": 75.0, "percent_covered_display": "75", "missing_lines": 1, "excluded_lines": 0, "percent_statements_covered": 75.0, "percent_statements_covered_display": "75"}, "missing_lines": [150], "excluded_lines": [], "start_line": 147}, "generate_insights": {"executed_lines": [164, 165, 166, 167, 170, 171, 172, 173, 174, 175, 177, 178, 180, 185, 206, 207, 208, 209, 210, 211, 212, 213, 214, 215, 216, 259, 260, 261, 262, 263, 264, 265, 304, 305, 308, 309, 310, 311, 316, 317, 353, 354, 390, 391, 392, 393, 394, 395, 398, 401, 402, 436, 437, 438, 439, 440, 441, 442, 443, 444, 445, 446, 447, 488, 489, 490, 491, 492, 493, 494, 536, 537, 538, 539, 540, 541, 542, 543, 577, 622, 623, 628, 629, 631, 632, 671, 672, 673, 674, 676, 677, 718, 719, 720, 721, 729, 731, 732, 733, 734, 783, 784, 785, 789, 790, 791, 792, 838, 879], "summary": {"covered_lines": 109, "num_statements": 114, "percent_covered": 95.6140350877193, "percent_covered_display": "96", "missing_lines": 5, "excluded_lines": 0, "percent_statements_covered": 95.6140350877193, "percent_statements_covered_display": "96"}, "missing_lines": [630, 675, 730, 786, 787], "excluded_lines": [], "start_line": 154}, "generate_insights._next_id": {"executed_lines": [182, 183], "summary": {"covered_lines": 2, "num_statements": 2, "percent_covered": 100.0, "percent_covered_display": "100", "missing_lines": 0, "excluded_lines": 0, "percent_statements_covered": 100.0, "percent_statements_covered_display": "100"}, "missing_lines": [], "excluded_lines": [], "start_line": 180}, "generate_insights._common": {"executed_lines": [191, 192], "summary": {"covered_lines": 2, "num_statements": 2, "percent_covered": 100.0, "percent_covered_display": "100", "missing_lines": 0, "excluded_lines": 0, "percent_statements_covered": 100.0, "percent_statements_covered_display": "100"}, "missing_lines": [], "excluded_lines": [], "start_line": 185}, "content_fingerprint": {"executed_lines": [901, 905, 906], "summary": {"covered_lines": 3, "num_statements": 3, "percent_covered": 100.0, "percent_covered_display": "100", "missing_lines": 0, "excluded_lines": 0, "percent_statements_covered": 100.0, "percent_statements_covered_display": "100"}, "missing_lines": [], "excluded_lines": [], "start_line": 894}, "write_insights_registry": {"executed_lines": [910, 911, 917], "summary": {"covered_lines": 3, "num_statements": 3, "percent_covered": 100.0, "percent_covered_display": "100", "missing_lines": 0, "excluded_lines": 0, "percent_statements_covered": 100.0, "percent_statements_covered_display": "100"}, "missing_lines": [], "excluded_lines": [], "start_line": 909}, "": {"executed_lines": [20, 22, 23, 24, 25, 26, 28, 29, 31, 32, 34, 47, 52, 66, 70, 71, 72, 73, 74, 75, 76, 77, 78, 79, 80, 81, 82, 83, 84, 85, 86, 87, 88, 89, 90, 91, 92, 93, 94, 95, 96, 97, 98, 100, 131, 140, 147, 154, 891, 894, 909], "summary": {"covered_lines": 51, "num_statements": 51, "percent_covered": 100.0, "percent_covered_display": "100", "missing_lines": 0, "excluded_lines": 0, "percent_statements_covered": 100.0, "percent_statements_covered_display": "100"}, "missing_lines": [], "excluded_lines": [], "start_line": 1}}, "classes": {"InsightsGenerationError": {"executed_lines": [], "summary": {"covered_lines": 0, "num_statements": 0, "percent_covered": 100.0, "percent_covered_display": "100", "missing_lines": 0, "excluded_lines": 0, "percent_statements_covered": 100.0, "percent_statements_covered_display": "100"}, "missing_lines": [], "excluded_lines": [], "start_line": 66}, "Insight": {"executed_lines": [101], "summary": {"covered_lines": 1, "num_statements": 1, "percent_covered": 100.0, "percent_covered_display": "100", "missing_lines": 0, "excluded_lines": 0, "percent_statements_covered": 100.0, "percent_statements_covered_display": "100"}, "missing_lines": [], "excluded_lines": [], "start_line": 71}, "": {"executed_lines": [20, 22, 23, 24, 25, 26, 28, 29, 31, 32, 34, 47, 52, 66, 70, 71, 72, 73, 74, 75, 76, 77, 78, 79, 80, 81, 82, 83, 84, 85, 86, 87, 88, 89, 90, 91, 92, 93, 94, 95, 96, 97, 98, 100, 131, 135, 136, 137, 140, 141, 142, 144, 147, 148, 149, 151, 154, 164, 165, 166, 167, 170, 171, 172, 173, 174, 175, 177, 178, 180, 182, 183, 185, 191, 192, 206, 207, 208, 209, 210, 211, 212, 213, 214, 215, 216, 259, 260, 261, 262, 263, 264, 265, 304, 305, 308, 309, 310, 311, 316, 317, 353, 354, 390, 391, 392, 393, 394, 395, 398, 401, 402, 436, 437, 438, 439, 440, 441, 442, 443, 444, 445, 446, 447, 488, 489, 490, 491, 492, 493, 494, 536, 537, 538, 539, 540, 541, 542, 543, 577, 622, 623, 628, 629, 631, 632, 671, 672, 673, 674, 676, 677, 718, 719, 720, 721, 729, 731, 732, 733, 734, 783, 784, 785, 789, 790, 791, 792, 838, 879, 891, 894, 901, 905, 906, 909, 910, 911, 917], "summary": {"covered_lines": 179, "num_statements": 186, "percent_covered": 96.23655913978494, "percent_covered_display": "96", "missing_lines": 7, "excluded_lines": 0, "percent_statements_covered": 96.23655913978494, "percent_statements_covered_display": "96"}, "missing_lines": [143, 150, 630, 675, 730, 786, 787], "excluded_lines": [], "start_line": 1}}}, "src\\credlens\\analysis\\metrics.py": {"executed_lines": [14, 16, 17, 18, 19, 21, 23, 34, 37, 38, 39, 41, 42, 43, 45, 48, 49, 50, 51, 54, 59, 64, 65, 66, 67, 73, 78, 81, 87, 90, 94, 97, 102, 105, 109, 112, 118, 121, 125, 128, 131, 134, 138, 145, 149, 159, 167, 192, 193, 194, 197, 208, 233, 234, 235, 238, 244, 264, 265, 266, 269, 282, 320, 321, 322], "summary": {"covered_lines": 65, "num_statements": 65, "percent_covered": 100.0, "percent_covered_display": "100", "missing_lines": 0, "excluded_lines": 0, "percent_statements_covered": 100.0, "percent_statements_covered_display": "100"}, "missing_lines": [], "excluded_lines": [], "functions": {"connect": {"executed_lines": [39, 41, 42, 43, 45], "summary": {"covered_lines": 5, "num_statements": 5, "percent_covered": 100.0, "percent_covered_display": "100", "missing_lines": 0, "excluded_lines": 0, "percent_statements_covered": 100.0, "percent_statements_covered_display": "100"}, "missing_lines": [], "excluded_lines": [], "start_line": 38}, "_df": {"executed_lines": [49, 50, 51], "summary": {"covered_lines": 3, "num_statements": 3, "percent_covered": 100.0, "percent_covered_display": "100", "missing_lines": 0, "excluded_lines": 0, "percent_statements_covered": 100.0, "percent_statements_covered_display": "100"}, "missing_lines": [], "excluded_lines": [], "start_line": 48}, "_mart": {"executed_lines": [59, 64, 65, 66, 67], "summary": {"covered_lines": 5, "num_statements": 5, "percent_covered": 100.0, "percent_covered_display": "100", "missing_lines": 0, "excluded_lines": 0, "percent_statements_covered": 100.0, "percent_statements_covered_display": "100"}, "missing_lines": [], "excluded_lines": [], "start_line": 54}, "funnel_monthly": {"executed_lines": [78], "summary": {"covered_lines": 1, "num_statements": 1, "percent_covered": 100.0, "percent_covered_display": "100", "missing_lines": 0, "excluded_lines": 0, "percent_statements_covered": 100.0, "percent_statements_covered_display": "100"}, "missing_lines": [], "excluded_lines": [], "start_line": 73}, "portfolio_monthly": {"executed_lines": [87], "summary": {"covered_lines": 1, "num_statements": 1, "percent_covered": 100.0, "percent_covered_display": "100", "missing_lines": 0, "excluded_lines": 0, "percent_statements_covered": 100.0, "percent_statements_covered_display": "100"}, "missing_lines": [], "excluded_lines": [], "start_line": 81}, "delinquency_monthly": {"executed_lines": [94], "summary": {"covered_lines": 1, "num_statements": 1, "percent_covered": 100.0, "percent_covered_display": "100", "missing_lines": 0, "excluded_lines": 0, "percent_statements_covered": 100.0, "percent_statements_covered_display": "100"}, "missing_lines": [], "excluded_lines": [], "start_line": 90}, "vintage_cohorts": {"executed_lines": [102], "summary": {"covered_lines": 1, "num_statements": 1, "percent_covered": 100.0, "percent_covered_display": "100", "missing_lines": 0, "excluded_lines": 0, "percent_statements_covered": 100.0, "percent_statements_covered_display": "100"}, "missing_lines": [], "excluded_lines": [], "start_line": 97}, "roll_rates": {"executed_lines": [109], "summary": {"covered_lines": 1, "num_statements": 1, "percent_covered": 100.0, "percent_covered_display": "100", "missing_lines": 0, "excluded_lines": 0, "percent_statements_covered": 100.0, "percent_statements_covered_display": "100"}, "missing_lines": [], "excluded_lines": [], "start_line": 105}, "cure_and_redefault": {"executed_lines": [118], "summary": {"covered_lines": 1, "num_statements": 1, "percent_covered": 100.0, "percent_covered_display": "100", "missing_lines": 0, "excluded_lines": 0, "percent_statements_covered": 100.0, "percent_statements_covered_display": "100"}, "missing_lines": [], "excluded_lines": [], "start_line": 112}, "collections_performance": {"executed_lines": [125], "summary": {"covered_lines": 1, "num_statements": 1, "percent_covered": 100.0, "percent_covered_display": "100", "missing_lines": 0, "excluded_lines": 0, "percent_statements_covered": 100.0, "percent_statements_covered_display": "100"}, "missing_lines": [], "excluded_lines": [], "start_line": 121}, "writeoff_recovery": {"executed_lines": [131], "summary": {"covered_lines": 1, "num_statements": 1, "percent_covered": 100.0, "percent_covered_display": "100", "missing_lines": 0, "excluded_lines": 0, "percent_statements_covered": 100.0, "percent_statements_covered_display": "100"}, "missing_lines": [], "excluded_lines": [], "start_line": 128}, "scenario_comparison": {"executed_lines": [138], "summary": {"covered_lines": 1, "num_statements": 1, "percent_covered": 100.0, "percent_covered_display": "100", "missing_lines": 0, "excluded_lines": 0, "percent_statements_covered": 100.0, "percent_statements_covered_display": "100"}, "missing_lines": [], "excluded_lines": [], "start_line": 134}, "macro_stress_pre_post": {"executed_lines": [149], "summary": {"covered_lines": 1, "num_statements": 1, "percent_covered": 100.0, "percent_covered_display": "100", "missing_lines": 0, "excluded_lines": 0, "percent_statements_covered": 100.0, "percent_statements_covered_display": "100"}, "missing_lines": [], "excluded_lines": [], "start_line": 145}, "funnel_by_channel_and_scenario": {"executed_lines": [167, 192, 193, 194], "summary": {"covered_lines": 4, "num_statements": 4, "percent_covered": 100.0, "percent_covered_display": "100", "missing_lines": 0, "excluded_lines": 0, "percent_statements_covered": 100.0, "percent_statements_covered_display": "100"}, "missing_lines": [], "excluded_lines": [], "start_line": 159}, "portfolio_by_region_and_channel": {"executed_lines": [208, 233, 234, 235], "summary": {"covered_lines": 4, "num_statements": 4, "percent_covered": 100.0, "percent_covered_display": "100", "missing_lines": 0, "excluded_lines": 0, "percent_statements_covered": 100.0, "percent_statements_covered_display": "100"}, "missing_lines": [], "excluded_lines": [], "start_line": 197}, "policy_version_comparison": {"executed_lines": [244, 264, 265, 266], "summary": {"covered_lines": 4, "num_statements": 4, "percent_covered": 100.0, "percent_covered_display": "100", "missing_lines": 0, "excluded_lines": 0, "percent_statements_covered": 100.0, "percent_statements_covered_display": "100"}, "missing_lines": [], "excluded_lines": [], "start_line": 238}, "credit_risk_segment_summary": {"executed_lines": [282, 320, 321, 322], "summary": {"covered_lines": 4, "num_statements": 4, "percent_covered": 100.0, "percent_covered_display": "100", "missing_lines": 0, "excluded_lines": 0, "percent_statements_covered": 100.0, "percent_statements_covered_display": "100"}, "missing_lines": [], "excluded_lines": [], "start_line": 269}, "": {"executed_lines": [14, 16, 17, 18, 19, 21, 23, 34, 37, 38, 48, 54, 73, 81, 90, 97, 105, 112, 121, 128, 134, 145, 159, 197, 238, 269], "summary": {"covered_lines": 26, "num_statements": 26, "percent_covered": 100.0, "percent_covered_display": "100", "missing_lines": 0, "excluded_lines": 0, "percent_statements_covered": 100.0, "percent_statements_covered_display": "100"}, "missing_lines": [], "excluded_lines": [], "start_line": 1}}, "classes": {"": {"executed_lines": [14, 16, 17, 18, 19, 21, 23, 34, 37, 38, 39, 41, 42, 43, 45, 48, 49, 50, 51, 54, 59, 64, 65, 66, 67, 73, 78, 81, 87, 90, 94, 97, 102, 105, 109, 112, 118, 121, 125, 128, 131, 134, 138, 145, 149, 159, 167, 192, 193, 194, 197, 208, 233, 234, 235, 238, 244, 264, 265, 266, 269, 282, 320, 321, 322], "summary": {"covered_lines": 65, "num_statements": 65, "percent_covered": 100.0, "percent_covered_display": "100", "missing_lines": 0, "excluded_lines": 0, "percent_statements_covered": 100.0, "percent_statements_covered_display": "100"}, "missing_lines": [], "excluded_lines": [], "start_line": 1}}}, "src\\credlens\\analysis\\multiseed.py": {"executed_lines": [11, 13, 14, 16, 19, 20, 21, 22, 23, 24, 26, 28, 29, 39, 40, 41, 42, 55, 58, 66, 67, 68], "summary": {"covered_lines": 22, "num_statements": 22, "percent_covered": 100.0, "percent_covered_display": "100", "missing_lines": 0, "excluded_lines": 0, "percent_statements_covered": 100.0, "percent_statements_covered_display": "100"}, "missing_lines": [], "excluded_lines": [], "functions": {"RobustnessSummary.to_dict": {"executed_lines": [29], "summary": {"covered_lines": 1, "num_statements": 1, "percent_covered": 100.0, "percent_covered_display": "100", "missing_lines": 0, "excluded_lines": 0, "percent_statements_covered": 100.0, "percent_statements_covered_display": "100"}, "missing_lines": [], "excluded_lines": [], "start_line": 28}, "_summarize": {"executed_lines": [40, 41, 42, 55], "summary": {"covered_lines": 4, "num_statements": 4, "percent_covered": 100.0, "percent_covered_display": "100", "missing_lines": 0, "excluded_lines": 0, "percent_statements_covered": 100.0, "percent_statements_covered_display": "100"}, "missing_lines": [], "excluded_lines": [], "start_line": 39}, "robustness_across_seeds": {"executed_lines": [66, 67, 68], "summary": {"covered_lines": 3, "num_statements": 3, "percent_covered": 100.0, "percent_covered_display": "100", "missing_lines": 0, "excluded_lines": 0, "percent_statements_covered": 100.0, "percent_statements_covered_display": "100"}, "missing_lines": [], "excluded_lines": [], "start_line": 58}, "": {"executed_lines": [11, 13, 14, 16, 19, 20, 21, 22, 23, 24, 26, 28, 39, 58], "summary": {"covered_lines": 14, "num_statements": 14, "percent_covered": 100.0, "percent_covered_display": "100", "missing_lines": 0, "excluded_lines": 0, "percent_statements_covered": 100.0, "percent_statements_covered_display": "100"}, "missing_lines": [], "excluded_lines": [], "start_line": 1}}, "classes": {"RobustnessSummary": {"executed_lines": [29], "summary": {"covered_lines": 1, "num_statements": 1, "percent_covered": 100.0, "percent_covered_display": "100", "missing_lines": 0, "excluded_lines": 0, "percent_statements_covered": 100.0, "percent_statements_covered_display": "100"}, "missing_lines": [], "excluded_lines": [], "start_line": 20}, "": {"executed_lines": [11, 13, 14, 16, 19, 20, 21, 22, 23, 24, 26, 28, 39, 40, 41, 42, 55, 58, 66, 67, 68], "summary": {"covered_lines": 21, "num_statements": 21, "percent_covered": 100.0, "percent_covered_display": "100", "missing_lines": 0, "excluded_lines": 0, "percent_statements_covered": 100.0, "percent_statements_covered_display": "100"}, "missing_lines": [], "excluded_lines": [], "start_line": 1}}}, "src\\credlens\\analysis\\provenance.py": {"executed_lines": [9, 11, 12, 13, 14, 15, 16, 17, 19, 20, 23, 24, 27, 28, 29, 30, 31, 32, 33, 34, 35, 36, 37, 38, 39, 40, 41, 42, 43, 44, 45, 51, 52, 53, 57, 59, 60, 84, 85, 86, 89, 92, 93, 94, 95, 120, 121, 124, 125, 128, 134, 137, 138, 139], "summary": {"covered_lines": 54, "num_statements": 54, "percent_covered": 100.0, "percent_covered_display": "100", "missing_lines": 0, "excluded_lines": 0, "percent_statements_covered": 100.0, "percent_statements_covered_display": "100"}, "missing_lines": [], "excluded_lines": [], "functions": {"_file_sha256": {"executed_lines": [24], "summary": {"covered_lines": 1, "num_statements": 1, "percent_covered": 100.0, "percent_covered_display": "100", "missing_lines": 0, "excluded_lines": 0, "percent_statements_covered": 100.0, "percent_statements_covered_display": "100"}, "missing_lines": [], "excluded_lines": [], "start_line": 23}, "AnalysisManifest.to_dict": {"executed_lines": [60], "summary": {"covered_lines": 1, "num_statements": 1, "percent_covered": 100.0, "percent_covered_display": "100", "missing_lines": 0, "excluded_lines": 0, "percent_statements_covered": 100.0, "percent_statements_covered_display": "100"}, "missing_lines": [], "excluded_lines": [], "start_line": 59}, "AnalysisManifest.write": {"executed_lines": [85, 86], "summary": {"covered_lines": 2, "num_statements": 2, "percent_covered": 100.0, "percent_covered_display": "100", "missing_lines": 0, "excluded_lines": 0, "percent_statements_covered": 100.0, "percent_statements_covered_display": "100"}, "missing_lines": [], "excluded_lines": [], "start_line": 84}, "new_manifest": {"executed_lines": [92, 93, 94, 95], "summary": {"covered_lines": 4, "num_statements": 4, "percent_covered": 100.0, "percent_covered_display": "100", "missing_lines": 0, "excluded_lines": 0, "percent_statements_covered": 100.0, "percent_statements_covered_display": "100"}, "missing_lines": [], "excluded_lines": [], "start_line": 89}, "record_table": {"executed_lines": [121], "summary": {"covered_lines": 1, "num_statements": 1, "percent_covered": 100.0, "percent_covered_display": "100", "missing_lines": 0, "excluded_lines": 0, "percent_statements_covered": 100.0, "percent_statements_covered_display": "100"}, "missing_lines": [], "excluded_lines": [], "start_line": 120}, "record_figure": {"executed_lines": [125], "summary": {"covered_lines": 1, "num_statements": 1, "percent_covered": 100.0, "percent_covered_display": "100", "missing_lines": 0, "excluded_lines": 0, "percent_statements_covered": 100.0, "percent_statements_covered_display": "100"}, "missing_lines": [], "excluded_lines": [], "start_line": 124}, "record_report": {"executed_lines": [134], "summary": {"covered_lines": 1, "num_statements": 1, "percent_covered": 100.0, "percent_covered_display": "100", "missing_lines": 0, "excluded_lines": 0, "percent_statements_covered": 100.0, "percent_statements_covered_display": "100"}, "missing_lines": [], "excluded_lines": [], "start_line": 128}, "finalize": {"executed_lines": [138, 139], "summary": {"covered_lines": 2, "num_statements": 2, "percent_covered": 100.0, "percent_covered_display": "100", "missing_lines": 0, "excluded_lines": 0, "percent_statements_covered": 100.0, "percent_statements_covered_display": "100"}, "missing_lines": [], "excluded_lines": [], "start_line": 137}, "": {"executed_lines": [9, 11, 12, 13, 14, 15, 16, 17, 19, 20, 23, 27, 28, 29, 30, 31, 32, 33, 34, 35, 36, 37, 38, 39, 40, 41, 42, 43, 44, 45, 51, 52, 53, 57, 59, 84, 89, 120, 124, 128, 137], "summary": {"covered_lines": 41, "num_statements": 41, "percent_covered": 100.0, "percent_covered_display": "100", "missing_lines": 0, "excluded_lines": 0, "percent_statements_covered": 100.0, "percent_statements_covered_display": "100"}, "missing_lines": [], "excluded_lines": [], "start_line": 1}}, "classes": {"AnalysisManifest": {"executed_lines": [60, 85, 86], "summary": {"covered_lines": 3, "num_statements": 3, "percent_covered": 100.0, "percent_covered_display": "100", "missing_lines": 0, "excluded_lines": 0, "percent_statements_covered": 100.0, "percent_statements_covered_display": "100"}, "missing_lines": [], "excluded_lines": [], "start_line": 28}, "": {"executed_lines": [9, 11, 12, 13, 14, 15, 16, 17, 19, 20, 23, 24, 27, 28, 29, 30, 31, 32, 33, 34, 35, 36, 37, 38, 39, 40, 41, 42, 43, 44, 45, 51, 52, 53, 57, 59, 84, 89, 92, 93, 94, 95, 120, 121, 124, 125, 128, 134, 137, 138, 139], "summary": {"covered_lines": 51, "num_statements": 51, "percent_covered": 100.0, "percent_covered_display": "100", "missing_lines": 0, "excluded_lines": 0, "percent_statements_covered": 100.0, "percent_statements_covered_display": "100"}, "missing_lines": [], "excluded_lines": [], "start_line": 1}}}, "src\\credlens\\analysis\\reporting.py": {"executed_lines": [9, 11, 13, 16, 17, 20, 21, 24, 25, 28, 37, 38, 45, 54, 65, 66, 67, 68, 70, 71, 73, 74, 75, 80, 81, 88, 93, 94, 95, 101, 103, 104, 110, 112, 113, 114, 115, 122, 129, 135, 146, 154, 161, 163, 164, 165, 170, 175, 184, 191, 198, 200, 201, 202, 209, 214, 221, 227, 234, 236, 241, 247, 254, 260, 265, 269, 270, 271, 281, 282, 287, 288, 295, 296, 301, 304, 305, 306, 307, 308, 309, 310, 313, 319, 322, 338, 339, 340, 345, 346, 350, 357, 358, 371, 373, 374, 376, 379, 381, 389, 390, 392, 393, 394, 399, 400, 405, 413, 421, 424, 425, 426, 436, 438, 441, 443, 444, 446, 447, 448, 449, 451, 452, 457, 458, 474], "summary": {"covered_lines": 126, "num_statements": 126, "percent_covered": 100.0, "percent_covered_display": "100", "missing_lines": 0, "excluded_lines": 0, "percent_statements_covered": 100.0, "percent_statements_covered_display": "100"}, "missing_lines": [], "excluded_lines": [], "functions": {"_fmt_pct": {"executed_lines": [17], "summary": {"covered_lines": 1, "num_statements": 1, "percent_covered": 100.0, "percent_covered_display": "100", "missing_lines": 0, "excluded_lines": 0, "percent_statements_covered": 100.0, "percent_statements_covered_display": "100"}, "missing_lines": [], "excluded_lines": [], "start_line": 16}, "_fmt_brl": {"executed_lines": [21], "summary": {"covered_lines": 1, "num_statements": 1, "percent_covered": 100.0, "percent_covered_display": "100", "missing_lines": 0, "excluded_lines": 0, "percent_statements_covered": 100.0, "percent_statements_covered_display": "100"}, "missing_lines": [], "excluded_lines": [], "start_line": 20}, "_fmt_int": {"executed_lines": [25], "summary": {"covered_lines": 1, "num_statements": 1, "percent_covered": 100.0, "percent_covered_display": "100", "missing_lines": 0, "excluded_lines": 0, "percent_statements_covered": 100.0, "percent_statements_covered_display": "100"}, "missing_lines": [], "excluded_lines": [], "start_line": 24}, "decision_card": {"executed_lines": [37, 38, 45], "summary": {"covered_lines": 3, "num_statements": 3, "percent_covered": 100.0, "percent_covered_display": "100", "missing_lines": 0, "excluded_lines": 0, "percent_statements_covered": 100.0, "percent_statements_covered_display": "100"}, "missing_lines": [], "excluded_lines": [], "start_line": 28}, "build_executive_summary": {"executed_lines": [65, 66, 67, 68, 70, 71, 73, 74, 75, 80, 81, 88, 93, 94, 95, 101, 103, 104, 110, 112, 113, 114, 115, 122, 129, 135, 146, 154, 161, 163, 164, 165, 170, 175, 184, 191, 198, 200, 201, 202, 209, 214, 221, 227, 234, 236, 241, 247, 254, 260, 265, 269, 270, 271, 281, 282, 287, 288, 295, 296, 301], "summary": {"covered_lines": 61, "num_statements": 61, "percent_covered": 100.0, "percent_covered_display": "100", "missing_lines": 0, "excluded_lines": 0, "percent_statements_covered": 100.0, "percent_statements_covered_display": "100"}, "missing_lines": [], "excluded_lines": [], "start_line": 54}, "_df_to_markdown": {"executed_lines": [305, 306, 307, 308, 309, 310, 313, 319], "summary": {"covered_lines": 8, "num_statements": 8, "percent_covered": 100.0, "percent_covered_display": "100", "missing_lines": 0, "excluded_lines": 0, "percent_statements_covered": 100.0, "percent_statements_covered_display": "100"}, "missing_lines": [], "excluded_lines": [], "start_line": 304}, "build_technical_report": {"executed_lines": [338, 339, 340, 345, 346, 350, 357, 358, 371, 373, 374, 376, 379, 381, 389, 390, 392, 393, 394, 399, 400, 405, 413, 421, 424, 425, 426, 436, 438, 441, 443, 444, 446, 447, 448, 449, 451, 452, 457, 458, 474], "summary": {"covered_lines": 41, "num_statements": 41, "percent_covered": 100.0, "percent_covered_display": "100", "missing_lines": 0, "excluded_lines": 0, "percent_statements_covered": 100.0, "percent_statements_covered_display": "100"}, "missing_lines": [], "excluded_lines": [], "start_line": 322}, "": {"executed_lines": [9, 11, 13, 16, 20, 24, 28, 54, 304, 322], "summary": {"covered_lines": 10, "num_statements": 10, "percent_covered": 100.0, "percent_covered_display": "100", "missing_lines": 0, "excluded_lines": 0, "percent_statements_covered": 100.0, "percent_statements_covered_display": "100"}, "missing_lines": [], "excluded_lines": [], "start_line": 1}}, "classes": {"": {"executed_lines": [9, 11, 13, 16, 17, 20, 21, 24, 25, 28, 37, 38, 45, 54, 65, 66, 67, 68, 70, 71, 73, 74, 75, 80, 81, 88, 93, 94, 95, 101, 103, 104, 110, 112, 113, 114, 115, 122, 129, 135, 146, 154, 161, 163, 164, 165, 170, 175, 184, 191, 198, 200, 201, 202, 209, 214, 221, 227, 234, 236, 241, 247, 254, 260, 265, 269, 270, 271, 281, 282, 287, 288, 295, 296, 301, 304, 305, 306, 307, 308, 309, 310, 313, 319, 322, 338, 339, 340, 345, 346, 350, 357, 358, 371, 373, 374, 376, 379, 381, 389, 390, 392, 393, 394, 399, 400, 405, 413, 421, 424, 425, 426, 436, 438, 441, 443, 444, 446, 447, 448, 449, 451, 452, 457, 458, 474], "summary": {"covered_lines": 126, "num_statements": 126, "percent_covered": 100.0, "percent_covered_display": "100", "missing_lines": 0, "excluded_lines": 0, "percent_statements_covered": 100.0, "percent_statements_covered_display": "100"}, "missing_lines": [], "excluded_lines": [], "start_line": 1}}}, "src\\credlens\\analysis\\robustness.py": {"executed_lines": [35, 37, 38, 39, 40, 41, 43, 45, 46, 47, 48, 50, 51, 55, 66, 68, 71, 72, 73, 74, 75, 76, 79, 80, 81, 82, 83, 85, 86, 87, 89, 92, 93, 94, 95, 96, 97, 98, 99, 100, 101, 102, 103, 104, 105, 106, 107, 108, 109, 110, 111, 112, 114, 115, 144, 145, 146, 147, 148, 149, 150, 151, 153, 154, 167, 175, 176, 177, 187, 188, 189, 190, 191, 193, 194, 196, 198, 199, 200, 201, 212, 213, 214, 215, 216, 227, 239, 240, 241, 242, 243, 245, 246, 247, 248, 249, 251, 252, 260, 261, 262, 263, 265, 268, 271, 272, 273, 274, 276, 279, 280, 284, 285, 286, 287, 288, 289, 290, 291, 292, 293, 294, 295, 296, 297, 301, 302, 306, 328, 332, 342, 354, 355, 367, 368, 369, 374], "summary": {"covered_lines": 137, "num_statements": 140, "percent_covered": 97.85714285714286, "percent_covered_display": "98", "missing_lines": 3, "excluded_lines": 0, "percent_statements_covered": 97.85714285714286, "percent_statements_covered_display": "98"}, "missing_lines": [178, 195, 277], "excluded_lines": [], "functions": {"_observed_direction": {"executed_lines": [72, 73, 74, 75, 76], "summary": {"covered_lines": 5, "num_statements": 5, "percent_covered": 100.0, "percent_covered_display": "100", "missing_lines": 0, "excluded_lines": 0, "percent_statements_covered": 100.0, "percent_statements_covered_display": "100"}, "missing_lines": [], "excluded_lines": [], "start_line": 71}, "_quantiles": {"executed_lines": [80, 81, 82, 83, 85, 89], "summary": {"covered_lines": 6, "num_statements": 6, "percent_covered": 100.0, "percent_covered_display": "100", "missing_lines": 0, "excluded_lines": 0, "percent_statements_covered": 100.0, "percent_statements_covered_display": "100"}, "missing_lines": [], "excluded_lines": [], "start_line": 79}, "_quantiles.q": {"executed_lines": [86, 87], "summary": {"covered_lines": 2, "num_statements": 2, "percent_covered": 100.0, "percent_covered_display": "100", "missing_lines": 0, "excluded_lines": 0, "percent_statements_covered": 100.0, "percent_statements_covered_display": "100"}, "missing_lines": [], "excluded_lines": [], "start_line": 85}, "MetricRobustness.to_dict": {"executed_lines": [115], "summary": {"covered_lines": 1, "num_statements": 1, "percent_covered": 100.0, "percent_covered_display": "100", "missing_lines": 0, "excluded_lines": 0, "percent_statements_covered": 100.0, "percent_statements_covered_display": "100"}, "missing_lines": [], "excluded_lines": [], "start_line": 114}, "ScenarioRobustnessResult.to_dict": {"executed_lines": [154], "summary": {"covered_lines": 1, "num_statements": 1, "percent_covered": 100.0, "percent_covered_display": "100", "missing_lines": 0, "excluded_lines": 0, "percent_statements_covered": 100.0, "percent_statements_covered_display": "100"}, "missing_lines": [], "excluded_lines": [], "start_line": 153}, "_pre_shock_equality_row": {"executed_lines": [175, 176, 177, 187, 188, 189, 190, 191, 193, 198, 199, 200, 201], "summary": {"covered_lines": 13, "num_statements": 14, "percent_covered": 92.85714285714286, "percent_covered_display": "93", "missing_lines": 1, "excluded_lines": 0, "percent_statements_covered": 92.85714285714286, "percent_statements_covered_display": "93"}, "missing_lines": [178], "excluded_lines": [], "start_line": 167}, "_pre_shock_equality_row._dpd30_rate": {"executed_lines": [194, 196], "summary": {"covered_lines": 2, "num_statements": 3, "percent_covered": 66.66666666666667, "percent_covered_display": "67", "missing_lines": 1, "excluded_lines": 0, "percent_statements_covered": 66.66666666666667, "percent_statements_covered_display": "67"}, "missing_lines": [195], "excluded_lines": [], "start_line": 193}, "_summarize_pre_shock": {"executed_lines": [213, 214, 215, 216], "summary": {"covered_lines": 4, "num_statements": 4, "percent_covered": 100.0, "percent_covered_display": "100", "missing_lines": 0, "excluded_lines": 0, "percent_statements_covered": 100.0, "percent_statements_covered_display": "100"}, "missing_lines": [], "excluded_lines": [], "start_line": 212}, "run_scenario_robustness": {"executed_lines": [239, 240, 241, 242, 243, 245, 246, 247, 248, 249, 251, 252, 260, 261, 262, 263, 265, 268, 271, 272, 273, 274, 276, 279, 280, 284, 285, 286, 287, 288, 289, 290, 291, 292, 293, 294, 295, 296, 297, 301, 302, 306, 328, 332], "summary": {"covered_lines": 44, "num_statements": 45, "percent_covered": 97.77777777777777, "percent_covered_display": "98", "missing_lines": 1, "excluded_lines": 0, "percent_statements_covered": 97.77777777777777, "percent_statements_covered_display": "98"}, "missing_lines": [277], "excluded_lines": [], "start_line": 227}, "full_robustness_sweep": {"executed_lines": [354, 355], "summary": {"covered_lines": 2, "num_statements": 2, "percent_covered": 100.0, "percent_covered_display": "100", "missing_lines": 0, "excluded_lines": 0, "percent_statements_covered": 100.0, "percent_statements_covered_display": "100"}, "missing_lines": [], "excluded_lines": [], "start_line": 342}, "write_robustness_report": {"executed_lines": [368, 369, 374], "summary": {"covered_lines": 3, "num_statements": 3, "percent_covered": 100.0, "percent_covered_display": "100", "missing_lines": 0, "excluded_lines": 0, "percent_statements_covered": 100.0, "percent_statements_covered_display": "100"}, "missing_lines": [], "excluded_lines": [], "start_line": 367}, "": {"executed_lines": [35, 37, 38, 39, 40, 41, 43, 45, 46, 47, 48, 50, 51, 55, 66, 68, 71, 79, 92, 93, 94, 95, 96, 97, 98, 99, 100, 101, 102, 103, 104, 105, 106, 107, 108, 109, 110, 111, 112, 114, 144, 145, 146, 147, 148, 149, 150, 151, 153, 167, 212, 227, 342, 367], "summary": {"covered_lines": 54, "num_statements": 54, "percent_covered": 100.0, "percent_covered_display": "100", "missing_lines": 0, "excluded_lines": 0, "percent_statements_covered": 100.0, "percent_statements_covered_display": "100"}, "missing_lines": [], "excluded_lines": [], "start_line": 1}}, "classes": {"MetricRobustness": {"executed_lines": [115], "summary": {"covered_lines": 1, "num_statements": 1, "percent_covered": 100.0, "percent_covered_display": "100", "missing_lines": 0, "excluded_lines": 0, "percent_statements_covered": 100.0, "percent_statements_covered_display": "100"}, "missing_lines": [], "excluded_lines": [], "start_line": 93}, "ScenarioRobustnessResult": {"executed_lines": [154], "summary": {"covered_lines": 1, "num_statements": 1, "percent_covered": 100.0, "percent_covered_display": "100", "missing_lines": 0, "excluded_lines": 0, "percent_statements_covered": 100.0, "percent_statements_covered_display": "100"}, "missing_lines": [], "excluded_lines": [], "start_line": 145}, "": {"executed_lines": [35, 37, 38, 39, 40, 41, 43, 45, 46, 47, 48, 50, 51, 55, 66, 68, 71, 72, 73, 74, 75, 76, 79, 80, 81, 82, 83, 85, 86, 87, 89, 92, 93, 94, 95, 96, 97, 98, 99, 100, 101, 102, 103, 104, 105, 106, 107, 108, 109, 110, 111, 112, 114, 144, 145, 146, 147, 148, 149, 150, 151, 153, 167, 175, 176, 177, 187, 188, 189, 190, 191, 193, 194, 196, 198, 199, 200, 201, 212, 213, 214, 215, 216, 227, 239, 240, 241, 242, 243, 245, 246, 247, 248, 249, 251, 252, 260, 261, 262, 263, 265, 268, 271, 272, 273, 274, 276, 279, 280, 284, 285, 286, 287, 288, 289, 290, 291, 292, 293, 294, 295, 296, 297, 301, 302, 306, 328, 332, 342, 354, 355, 367, 368, 369, 374], "summary": {"covered_lines": 135, "num_statements": 138, "percent_covered": 97.82608695652173, "percent_covered_display": "98", "missing_lines": 3, "excluded_lines": 0, "percent_statements_covered": 97.82608695652173, "percent_statements_covered_display": "98"}, "missing_lines": [178, 195, 277], "excluded_lines": [], "start_line": 1}}}, "src\\credlens\\analysis\\runner.py": {"executed_lines": [8, 10, 11, 12, 13, 14, 16, 18, 19, 27, 28, 31, 35, 36, 37, 38, 39, 40, 41, 42, 43, 44, 47, 50, 61, 62, 63, 67, 69, 70, 78, 80, 81, 82, 83, 85, 86, 106, 107, 108, 109, 113, 114, 115, 116, 117, 119, 176, 177, 178, 179, 180, 181, 185, 186, 187, 189, 190, 191, 192, 195, 201, 202, 203, 204, 205, 206, 209, 215, 219, 226, 227, 230, 236, 246, 256, 271, 287, 288, 289, 290, 291, 292, 293, 294, 300, 301, 302, 303, 305, 306, 309, 310, 312, 313, 319, 320, 325, 326, 327, 333, 338, 340], "summary": {"covered_lines": 103, "num_statements": 113, "percent_covered": 91.15044247787611, "percent_covered_display": "91", "missing_lines": 10, "excluded_lines": 0, "percent_statements_covered": 91.15044247787611, "percent_statements_covered_display": "91"}, "missing_lines": [182, 183, 196, 197, 210, 211, 231, 232, 334, 335], "excluded_lines": [], "functions": {"run_analysis": {"executed_lines": [61, 62, 63, 67, 69, 70, 78, 80, 81, 82, 83, 85, 86, 106, 107, 108, 109, 113, 114, 115, 116, 117, 119, 176, 177, 178, 179, 180, 181, 185, 186, 187, 189, 190, 191, 192, 195, 201, 202, 203, 204, 205, 206, 209, 215, 219, 226, 227, 230, 236, 246, 256, 271, 287, 288, 289, 290, 291, 292, 293, 294, 300, 301, 302, 303, 305, 306, 309, 310, 312, 313, 319, 320, 325, 326, 327, 333, 338, 340], "summary": {"covered_lines": 79, "num_statements": 89, "percent_covered": 88.76404494382022, "percent_covered_display": "89", "missing_lines": 10, "excluded_lines": 0, "percent_statements_covered": 88.76404494382022, "percent_statements_covered_display": "89"}, "missing_lines": [182, 183, 196, 197, 210, 211, 231, 232, 334, 335], "excluded_lines": [], "start_line": 50}, "": {"executed_lines": [8, 10, 11, 12, 13, 14, 16, 18, 19, 27, 28, 31, 35, 36, 37, 38, 39, 40, 41, 42, 43, 44, 47, 50], "summary": {"covered_lines": 24, "num_statements": 24, "percent_covered": 100.0, "percent_covered_display": "100", "missing_lines": 0, "excluded_lines": 0, "percent_statements_covered": 100.0, "percent_statements_covered_display": "100"}, "missing_lines": [], "excluded_lines": [], "start_line": 1}}, "classes": {"AnalysisRunError": {"executed_lines": [], "summary": {"covered_lines": 0, "num_statements": 0, "percent_covered": 100.0, "percent_covered_display": "100", "missing_lines": 0, "excluded_lines": 0, "percent_statements_covered": 100.0, "percent_statements_covered_display": "100"}, "missing_lines": [], "excluded_lines": [], "start_line": 31}, "AnalysisResult": {"executed_lines": [], "summary": {"covered_lines": 0, "num_statements": 0, "percent_covered": 100.0, "percent_covered_display": "100", "missing_lines": 0, "excluded_lines": 0, "percent_statements_covered": 100.0, "percent_statements_covered_display": "100"}, "missing_lines": [], "excluded_lines": [], "start_line": 36}, "": {"executed_lines": [8, 10, 11, 12, 13, 14, 16, 18, 19, 27, 28, 31, 35, 36, 37, 38, 39, 40, 41, 42, 43, 44, 47, 50, 61, 62, 63, 67, 69, 70, 78, 80, 81, 82, 83, 85, 86, 106, 107, 108, 109, 113, 114, 115, 116, 117, 119, 176, 177, 178, 179, 180, 181, 185, 186, 187, 189, 190, 191, 192, 195, 201, 202, 203, 204, 205, 206, 209, 215, 219, 226, 227, 230, 236, 246, 256, 271, 287, 288, 289, 290, 291, 292, 293, 294, 300, 301, 302, 303, 305, 306, 309, 310, 312, 313, 319, 320, 325, 326, 327, 333, 338, 340], "summary": {"covered_lines": 103, "num_statements": 113, "percent_covered": 91.15044247787611, "percent_covered_display": "91", "missing_lines": 10, "excluded_lines": 0, "percent_statements_covered": 91.15044247787611, "percent_statements_covered_display": "91"}, "missing_lines": [182, 183, 196, 197, 210, 211, 231, 232, 334, 335], "excluded_lines": [], "start_line": 1}}}, "src\\credlens\\analysis\\sample_policy.py": {"executed_lines": [21, 23, 24, 25, 27, 29, 31, 36, 42, 45, 49, 50, 51, 52, 54, 55, 56, 57, 58, 63, 64, 65, 66, 67, 68, 70, 71, 76, 79, 83, 84, 85, 86, 87, 88, 89, 90, 91, 92, 93, 94, 95, 98, 102, 105, 112, 113, 114, 115, 118, 123], "summary": {"covered_lines": 51, "num_statements": 51, "percent_covered": 100.0, "percent_covered_display": "100", "missing_lines": 0, "excluded_lines": 0, "percent_statements_covered": 100.0, "percent_statements_covered_display": "100"}, "missing_lines": [], "excluded_lines": [], "functions": {"SamplePolicy.__post_init__": {"executed_lines": [55, 56, 57, 58], "summary": {"covered_lines": 4, "num_statements": 4, "percent_covered": 100.0, "percent_covered_display": "100", "missing_lines": 0, "excluded_lines": 0, "percent_statements_covered": 100.0, "percent_statements_covered_display": "100"}, "missing_lines": [], "excluded_lines": [], "start_line": 54}, "SamplePolicy.classify": {"executed_lines": [64, 65, 66, 67, 68], "summary": {"covered_lines": 5, "num_statements": 5, "percent_covered": 100.0, "percent_covered_display": "100", "missing_lines": 0, "excluded_lines": 0, "percent_statements_covered": 100.0, "percent_statements_covered_display": "100"}, "missing_lines": [], "excluded_lines": [], "start_line": 63}, "SamplePolicy.to_dict": {"executed_lines": [71], "summary": {"covered_lines": 1, "num_statements": 1, "percent_covered": 100.0, "percent_covered_display": "100", "missing_lines": 0, "excluded_lines": 0, "percent_statements_covered": 100.0, "percent_statements_covered_display": "100"}, "missing_lines": [], "excluded_lines": [], "start_line": 70}, "load_sample_policy": {"executed_lines": [83, 84, 85, 86, 87, 88, 89, 90, 91, 92, 93, 94, 95], "summary": {"covered_lines": 13, "num_statements": 13, "percent_covered": 100.0, "percent_covered_display": "100", "missing_lines": 0, "excluded_lines": 0, "percent_statements_covered": 100.0, "percent_statements_covered_display": "100"}, "missing_lines": [], "excluded_lines": [], "start_line": 79}, "classify_sample_size": {"executed_lines": [102], "summary": {"covered_lines": 1, "num_statements": 1, "percent_covered": 100.0, "percent_covered_display": "100", "missing_lines": 0, "excluded_lines": 0, "percent_statements_covered": 100.0, "percent_statements_covered_display": "100"}, "missing_lines": [], "excluded_lines": [], "start_line": 98}, "combine_classifications": {"executed_lines": [112, 113, 114, 115], "summary": {"covered_lines": 4, "num_statements": 4, "percent_covered": 100.0, "percent_covered_display": "100", "missing_lines": 0, "excluded_lines": 0, "percent_statements_covered": 100.0, "percent_statements_covered_display": "100"}, "missing_lines": [], "excluded_lines": [], "start_line": 105}, "is_reportable": {"executed_lines": [123], "summary": {"covered_lines": 1, "num_statements": 1, "percent_covered": 100.0, "percent_covered_display": "100", "missing_lines": 0, "excluded_lines": 0, "percent_statements_covered": 100.0, "percent_statements_covered_display": "100"}, "missing_lines": [], "excluded_lines": [], "start_line": 118}, "": {"executed_lines": [21, 23, 24, 25, 27, 29, 31, 36, 42, 45, 49, 50, 51, 52, 54, 63, 70, 76, 79, 98, 105, 118], "summary": {"covered_lines": 22, "num_statements": 22, "percent_covered": 100.0, "percent_covered_display": "100", "missing_lines": 0, "excluded_lines": 0, "percent_statements_covered": 100.0, "percent_statements_covered_display": "100"}, "missing_lines": [], "excluded_lines": [], "start_line": 1}}, "classes": {"SamplePolicyError": {"executed_lines": [], "summary": {"covered_lines": 0, "num_statements": 0, "percent_covered": 100.0, "percent_covered_display": "100", "missing_lines": 0, "excluded_lines": 0, "percent_statements_covered": 100.0, "percent_statements_covered_display": "100"}, "missing_lines": [], "excluded_lines": [], "start_line": 45}, "SamplePolicy": {"executed_lines": [55, 56, 57, 58, 64, 65, 66, 67, 68, 71], "summary": {"covered_lines": 10, "num_statements": 10, "percent_covered": 100.0, "percent_covered_display": "100", "missing_lines": 0, "excluded_lines": 0, "percent_statements_covered": 100.0, "percent_statements_covered_display": "100"}, "missing_lines": [], "excluded_lines": [], "start_line": 50}, "": {"executed_lines": [21, 23, 24, 25, 27, 29, 31, 36, 42, 45, 49, 50, 51, 52, 54, 63, 70, 76, 79, 83, 84, 85, 86, 87, 88, 89, 90, 91, 92, 93, 94, 95, 98, 102, 105, 112, 113, 114, 115, 118, 123], "summary": {"covered_lines": 41, "num_statements": 41, "percent_covered": 100.0, "percent_covered_display": "100", "missing_lines": 0, "excluded_lines": 0, "percent_statements_covered": 100.0, "percent_statements_covered_display": "100"}, "missing_lines": [], "excluded_lines": [], "start_line": 1}}}, "src\\credlens\\analysis\\scenarios.py": {"executed_lines": [24, 26, 27, 29, 31, 32, 35, 36, 37, 38, 39, 40, 41, 42, 43, 44, 45, 46, 47, 48, 52, 54, 55, 72, 73, 77, 78, 79, 82, 86, 87, 91, 92, 94, 124, 125, 126, 128, 131, 135, 136, 137, 138, 139, 156, 158, 160, 161, 163], "summary": {"covered_lines": 49, "num_statements": 50, "percent_covered": 98.0, "percent_covered_display": "98", "missing_lines": 1, "excluded_lines": 0, "percent_statements_covered": 98.0, "percent_statements_covered_display": "98"}, "missing_lines": [157], "excluded_lines": [], "functions": {"CompositionVsPerformance.to_dict": {"executed_lines": [55], "summary": {"covered_lines": 1, "num_statements": 1, "percent_covered": 100.0, "percent_covered_display": "100", "missing_lines": 0, "excluded_lines": 0, "percent_statements_covered": 100.0, "percent_statements_covered_display": "100"}, "missing_lines": [], "excluded_lines": [], "start_line": 54}, "_run_ids_for": {"executed_lines": [73, 77, 78, 79], "summary": {"covered_lines": 4, "num_statements": 4, "percent_covered": 100.0, "percent_covered_display": "100", "missing_lines": 0, "excluded_lines": 0, "percent_statements_covered": 100.0, "percent_statements_covered_display": "100"}, "missing_lines": [], "excluded_lines": [], "start_line": 72}, "composition_vs_performance": {"executed_lines": [86, 87, 91, 92, 94, 124, 125, 126, 128, 131, 135, 160, 161, 163], "summary": {"covered_lines": 14, "num_statements": 14, "percent_covered": 100.0, "percent_covered_display": "100", "missing_lines": 0, "excluded_lines": 0, "percent_statements_covered": 100.0, "percent_statements_covered_display": "100"}, "missing_lines": [], "excluded_lines": [], "start_line": 82}, "composition_vs_performance._final_month_par90_and_balance": {"executed_lines": [136, 137, 138, 139, 156, 158], "summary": {"covered_lines": 6, "num_statements": 7, "percent_covered": 85.71428571428571, "percent_covered_display": "86", "missing_lines": 1, "excluded_lines": 0, "percent_statements_covered": 85.71428571428571, "percent_statements_covered_display": "86"}, "missing_lines": [157], "excluded_lines": [], "start_line": 135}, "": {"executed_lines": [24, 26, 27, 29, 31, 32, 35, 36, 37, 38, 39, 40, 41, 42, 43, 44, 45, 46, 47, 48, 52, 54, 72, 82], "summary": {"covered_lines": 24, "num_statements": 24, "percent_covered": 100.0, "percent_covered_display": "100", "missing_lines": 0, "excluded_lines": 0, "percent_statements_covered": 100.0, "percent_statements_covered_display": "100"}, "missing_lines": [], "excluded_lines": [], "start_line": 1}}, "classes": {"CompositionVsPerformance": {"executed_lines": [55], "summary": {"covered_lines": 1, "num_statements": 1, "percent_covered": 100.0, "percent_covered_display": "100", "missing_lines": 0, "excluded_lines": 0, "percent_statements_covered": 100.0, "percent_statements_covered_display": "100"}, "missing_lines": [], "excluded_lines": [], "start_line": 36}, "": {"executed_lines": [24, 26, 27, 29, 31, 32, 35, 36, 37, 38, 39, 40, 41, 42, 43, 44, 45, 46, 47, 48, 52, 54, 72, 73, 77, 78, 79, 82, 86, 87, 91, 92, 94, 124, 125, 126, 128, 131, 135, 136, 137, 138, 139, 156, 158, 160, 161, 163], "summary": {"covered_lines": 48, "num_statements": 49, "percent_covered": 97.95918367346938, "percent_covered_display": "98", "missing_lines": 1, "excluded_lines": 0, "percent_statements_covered": 97.95918367346938, "percent_statements_covered_display": "98"}, "missing_lines": [157], "excluded_lines": [], "start_line": 1}}}, "src\\credlens\\analysis\\validation.py": {"executed_lines": [9, 11, 12, 15, 19, 25, 26, 27, 28, 30, 31, 35, 36, 37, 38, 42, 43, 48, 49, 50, 51, 56], "summary": {"covered_lines": 22, "num_statements": 22, "percent_covered": 100.0, "percent_covered_display": "100", "missing_lines": 0, "excluded_lines": 0, "percent_statements_covered": 100.0, "percent_statements_covered_display": "100"}, "missing_lines": [], "excluded_lines": [], "functions": {"validate_build_for_analysis": {"executed_lines": [25, 26, 27, 28, 30, 31, 35, 36, 37, 38, 42, 43, 48, 49, 50, 51, 56], "summary": {"covered_lines": 17, "num_statements": 17, "percent_covered": 100.0, "percent_covered_display": "100", "missing_lines": 0, "excluded_lines": 0, "percent_statements_covered": 100.0, "percent_statements_covered_display": "100"}, "missing_lines": [], "excluded_lines": [], "start_line": 19}, "": {"executed_lines": [9, 11, 12, 15, 19], "summary": {"covered_lines": 5, "num_statements": 5, "percent_covered": 100.0, "percent_covered_display": "100", "missing_lines": 0, "excluded_lines": 0, "percent_statements_covered": 100.0, "percent_statements_covered_display": "100"}, "missing_lines": [], "excluded_lines": [], "start_line": 1}}, "classes": {"AnalysisValidationError": {"executed_lines": [], "summary": {"covered_lines": 0, "num_statements": 0, "percent_covered": 100.0, "percent_covered_display": "100", "missing_lines": 0, "excluded_lines": 0, "percent_statements_covered": 100.0, "percent_statements_covered_display": "100"}, "missing_lines": [], "excluded_lines": [], "start_line": 15}, "": {"executed_lines": [9, 11, 12, 15, 19, 25, 26, 27, 28, 30, 31, 35, 36, 37, 38, 42, 43, 48, 49, 50, 51, 56], "summary": {"covered_lines": 22, "num_statements": 22, "percent_covered": 100.0, "percent_covered_display": "100", "missing_lines": 0, "excluded_lines": 0, "percent_statements_covered": 100.0, "percent_statements_covered_display": "100"}, "missing_lines": [], "excluded_lines": [], "start_line": 1}}}, "src\\credlens\\cli.py": {"executed_lines": [9, 11, 12, 13, 14, 15, 16, 17, 18, 19, 21, 23, 24, 25, 26, 27, 28, 29, 30, 31, 32, 33, 39, 40, 41, 47, 48, 49, 56, 58, 59, 61, 68, 69, 78, 79, 80, 81, 82, 84, 85, 86, 87, 90, 91, 94, 95, 96, 102, 103, 109, 115, 116, 117, 122, 125, 127, 129, 132, 137, 140, 143, 149, 152, 154, 159, 161, 164, 166, 170, 171, 173, 176, 177, 183, 190, 194, 195, 198, 201, 205, 208, 211, 217, 220, 224, 227, 231, 234, 236, 239, 243, 247, 250, 251, 255, 258, 259, 261, 264, 266, 269, 270, 273, 276, 285, 288, 291, 292, 296, 300, 302, 303, 304, 305, 308, 310, 315, 317, 320, 321, 324, 328, 331, 332, 336, 339, 340, 344, 347, 348, 349, 353, 356, 358, 363, 364, 368, 373, 375, 380, 381, 385, 390, 393, 398, 403, 406, 409, 412, 418, 421, 427, 431, 437, 440, 444, 449, 453, 456, 461, 466, 470, 475, 480, 485, 490, 494, 499, 501, 505, 506, 507, 510, 515, 519, 524, 527, 532, 537, 542, 546, 549, 550, 551, 554, 559, 562, 566, 569, 574, 578, 583, 585, 589, 594, 597, 598, 599, 601, 606, 607, 608, 610, 613, 614, 616, 619, 620, 622, 626, 627, 629, 633, 634, 636, 639, 640, 642, 647, 648, 649, 651, 654, 655, 657, 661, 662, 665, 668, 670, 673, 674, 675, 678, 682, 687, 688, 693, 695, 699, 700, 702, 707, 708, 713, 715, 719, 720, 722, 727, 728, 729, 733, 740, 741, 746, 752, 754, 760, 763, 767, 772, 774, 777, 778, 780, 786, 787, 789, 794, 795, 796, 797, 799, 804, 805, 807, 810, 811, 813, 817, 818, 819, 821, 824, 825, 827, 830, 831, 833, 836, 837, 839, 842, 843, 847, 853, 855, 860, 862, 867, 869, 872, 874, 879, 884, 889, 890, 891, 893, 896, 898, 903, 905, 911, 914, 915, 917, 923, 924, 925, 928, 929, 930, 931, 932, 936, 937, 938, 939, 940, 943, 949, 951, 952, 953, 955, 957, 958, 959, 960, 961, 963, 964, 965, 966, 971, 973, 976, 977, 979, 980, 981, 982, 984, 985, 986, 987, 993, 994, 995, 996, 997, 1002, 1003, 1004, 1005, 1006, 1009, 1010, 1013, 1014, 1015, 1016, 1017, 1018, 1020, 1026, 1027, 1028, 1029, 1030, 1035, 1036, 1037, 1038, 1039, 1041, 1047, 1048, 1049, 1054, 1055, 1058, 1059, 1077, 1080, 1098, 1099, 1102, 1104, 1116, 1117, 1118, 1119, 1120, 1123, 1126, 1129, 1130, 1131, 1133, 1144, 1145, 1149, 1169, 1172, 1173, 1178, 1179, 1180, 1181, 1187, 1190, 1191, 1192, 1195, 1196, 1197, 1198, 1203, 1204, 1205, 1206, 1207, 1209, 1210, 1211, 1212, 1213, 1215, 1216, 1217, 1219, 1220, 1221, 1222, 1223, 1224, 1225, 1226, 1227, 1228, 1229, 1234, 1235, 1236, 1237, 1239, 1245, 1246, 1247, 1248, 1249, 1251, 1252, 1257, 1258, 1259, 1260, 1261, 1263, 1264, 1265, 1266, 1267, 1268, 1269, 1271, 1272, 1273, 1279, 1280, 1281, 1282, 1289, 1292, 1294, 1295, 1296, 1298, 1300, 1301, 1302, 1304, 1306, 1307, 1308, 1310, 1311, 1316, 1319, 1327, 1328, 1329, 1334, 1335, 1336, 1337, 1339, 1340, 1341, 1342, 1346, 1347, 1348, 1350, 1351, 1353, 1354, 1356, 1357, 1358, 1362, 1369, 1370, 1377, 1380, 1382, 1383, 1384, 1385, 1386, 1388, 1390, 1391, 1392, 1393, 1395, 1401, 1402, 1403, 1408, 1409, 1410, 1411, 1412, 1416, 1419, 1420, 1421, 1422, 1423, 1424, 1425, 1427, 1428, 1429, 1430, 1431, 1432, 1433, 1435, 1436, 1437, 1438, 1443, 1444, 1445, 1446, 1447, 1452, 1453, 1454, 1455, 1457, 1460, 1461, 1462, 1463, 1468, 1469, 1470, 1471, 1472, 1474, 1476, 1477, 1478, 1484, 1485, 1486, 1491, 1495, 1496, 1497, 1498, 1499, 1500, 1503, 1504, 1505, 1509, 1510, 1515, 1518, 1519, 1523, 1524, 1525, 1526, 1527, 1528, 1529, 1530, 1533, 1534, 1537, 1538, 1542, 1543, 1547, 1548, 1549, 1550, 1551, 1552, 1557, 1558, 1565, 1566, 1567, 1570, 1571, 1578, 1579, 1580, 1581, 1582, 1583, 1584, 1585, 1594, 1595, 1596, 1597, 1598, 1599, 1600, 1601, 1607, 1610, 1614, 1616, 1617, 1618, 1619, 1622, 1623, 1625, 1626, 1631, 1632, 1633, 1634, 1635, 1636, 1637, 1638, 1640, 1641, 1652, 1654, 1655, 1656, 1657, 1658, 1659, 1662, 1663, 1666, 1667, 1668, 1671, 1672, 1674, 1675, 1680, 1681, 1684, 1685, 1686, 1687, 1689, 1690, 1691, 1692, 1693, 1695, 1696, 1697, 1698, 1699, 1700, 1701, 1702, 1703, 1706, 1707, 1709, 1710, 1715, 1716, 1719, 1720, 1721, 1722, 1724, 1725, 1728, 1729, 1730, 1731, 1733, 1734, 1743, 1744, 1745, 1746, 1747, 1748, 1749, 1750, 1753, 1756, 1757, 1758, 1760, 1761, 1766, 1767, 1768, 1771, 1772, 1773, 1777, 1778, 1779, 1781, 1782, 1783, 1784, 1785, 1788, 1791, 1792, 1794, 1795, 1796, 1797, 1798, 1800, 1801, 1802, 1803, 1805, 1806, 1807, 1808, 1809, 1810, 1813, 1814, 1815, 1816, 1818, 1819, 1820, 1822, 1823, 1824, 1825, 1828, 1829, 1830, 1833, 1834, 1835, 1836, 1838, 1839, 1840, 1849, 1850, 1852, 1853, 1854, 1855, 1856, 1861, 1865, 1866, 1867, 1870, 1871, 1872, 1873, 1875, 1876, 1885, 1886, 1887, 1888, 1889, 1890, 1891, 1892, 1893, 1894, 1895, 1901, 1902, 1904, 1905, 1906, 1907, 1908, 1910, 1911, 1912, 1914, 1915, 1916, 1917, 1918, 1919, 1920, 1921, 1922, 1923, 1924, 1925, 1926, 1927, 1928, 1931, 1934, 1935, 1937, 1938, 1941, 1942, 1943, 1944, 1945, 1946, 1952, 1953, 1955, 1956, 1957, 1958, 1959, 1960, 1966, 1967, 1968, 1970, 1973, 1974, 1976, 1977, 1978, 1979, 1980, 1982, 1983, 1985, 1986, 1987, 1988, 1989, 1990, 1991, 1996, 1999, 2000, 2002, 2003, 2004, 2005, 2006, 2008, 2009, 2010, 2012, 2013, 2014, 2015, 2016, 2017, 2018, 2019, 2020, 2021, 2022, 2023, 2028, 2029, 2032, 2033, 2034, 2035, 2037, 2038, 2039, 2040, 2041, 2043, 2044, 2045, 2048, 2049, 2050, 2052, 2053, 2054, 2055, 2057, 2058, 2059, 2060, 2061, 2062, 2063, 2066, 2067, 2068, 2069, 2071, 2072, 2073, 2074, 2075, 2077, 2078, 2082, 2084, 2085, 2086, 2088, 2089, 2090, 2091, 2092, 2093, 2094, 2095, 2098, 2099, 2101, 2102, 2103, 2104, 2105, 2107, 2108, 2109, 2115, 2116, 2118, 2119, 2120, 2121, 2124, 2125, 2127, 2128, 2140, 2142, 2143, 2144, 2145, 2146, 2151, 2152, 2153, 2154, 2157, 2169, 2170, 2172, 2173, 2174, 2178, 2180, 2181, 2202, 2203, 2205, 2206, 2207, 2208, 2209, 2210, 2211, 2212, 2213, 2214, 2218, 2220, 2223, 2224, 2225, 2226, 2228, 2229, 2233, 2237, 2238, 2239, 2240, 2241, 2242, 2246, 2247, 2257, 2259, 2260, 2261, 2262, 2263, 2264, 2265, 2266, 2267, 2270, 2271, 2273, 2274, 2275, 2276, 2278, 2285, 2286, 2287, 2288, 2289, 2290, 2291, 2292, 2293, 2296, 2297, 2298, 2299, 2300, 2301, 2304, 2305, 2306, 2307, 2308, 2309, 2310, 2312, 2313, 2317, 2319, 2320, 2321, 2323, 2324, 2325, 2326, 2327, 2328, 2329, 2330, 2331, 2332, 2333, 2336, 2339, 2340, 2342, 2343, 2344, 2345, 2346, 2347, 2349, 2350, 2354, 2356, 2362, 2363, 2364, 2373, 2374, 2379, 2387, 2392, 2394, 2395, 2405, 2407, 2408, 2409, 2410, 2411, 2416, 2422, 2428, 2429, 2431, 2432, 2433, 2440, 2443, 2464, 2480, 2508, 2527, 2552, 2572, 2573, 2574, 2601, 2603, 2604, 2606, 2607, 2609, 2610, 2611, 2612, 2613, 2614, 2615, 2616, 2617, 2618, 2619, 2620, 2621, 2622, 2623, 2624, 2625, 2626, 2627, 2628, 2629, 2630, 2631, 2632, 2634, 2635, 2638, 2639, 2640, 2641, 2642, 2645, 2646, 2647, 2648, 2649, 2650, 2651, 2652, 2653, 2654, 2656, 2657, 2658, 2661, 2662, 2663, 2664, 2665, 2677, 2678, 2679, 2680, 2681, 2682, 2683, 2684, 2688, 2689, 2690, 2693, 2694, 2697, 2700, 2701, 2703, 2704, 2709, 2710, 2711, 2714, 2715, 2717, 2718, 2720, 2721, 2722, 2723, 2724, 2725, 2726, 2729, 2736, 2737, 2739, 2740, 2741, 2745, 2747, 2751, 2752, 2757, 2758, 2768, 2771, 2772, 2773, 2774, 2775, 2776, 2777, 2780, 2827, 2828, 2829, 2831, 2832, 2833, 2834, 2835, 2839, 2844, 2845, 2846, 2861, 2862, 2863, 2864, 2865, 2868, 2872, 2873, 2880, 2881, 2882, 2883, 2884, 2885, 2886, 2887, 2888, 2889, 2890, 2891, 2893, 2908, 2932, 2933, 2934, 2936, 2941, 2942, 2948, 2951, 2952, 2953, 2955, 2960, 2963, 2964, 2965, 2966, 2967, 2968, 2969, 2972, 2973, 2974, 2976, 2981, 2982, 2985, 2986, 2987, 2988, 2989, 2990, 2993, 2994, 2995, 2997, 3002, 3005, 3006, 3007, 3008, 3009, 3012, 3013, 3014, 3016, 3017, 3018, 3019, 3021, 3024, 3025, 3026, 3027, 3028, 3029, 3030, 3033, 3034, 3035, 3037, 3042, 3045, 3046, 3047, 3048, 3051, 3052, 3053, 3055, 3060, 3061, 3064, 3065, 3066, 3067, 3070, 3071, 3072, 3074, 3079, 3080, 3083, 3084, 3085, 3086, 3087, 3088, 3089, 3092, 3093, 3094, 3096, 3101, 3102, 3105, 3106, 3107, 3108, 3109, 3112, 3113, 3114, 3116, 3121, 3125, 3128, 3129, 3130, 3131, 3132, 3133, 3136, 3137, 3138, 3140, 3145, 3148, 3149, 3150, 3151, 3154, 3157, 3158, 3159, 3160, 3162, 3163, 3166, 3167, 3168, 3169, 3171, 3172, 3173, 3174, 3179, 3180, 3182, 3185, 3186, 3187, 3188, 3189, 3192, 3195, 3198, 3199, 3201, 3202, 3203, 3204, 3205, 3212, 3216, 3219, 3220, 3221, 3222, 3223, 3224, 3230, 3231, 3232, 3238, 3239, 3240, 3241, 3244, 3245, 3246, 3248, 3251, 3252, 3253, 3254, 3255, 3256, 3257, 3260, 3261, 3262, 3263, 3264, 3265, 3270, 3271, 3272, 3277, 3278, 3279, 3280, 3283, 3286, 3287, 3288, 3289, 3294, 3295, 3296, 3304, 3307, 3308, 3309, 3310, 3315, 3316, 3317, 3318, 3319, 3320, 3321, 3330, 3341, 3342, 3343, 3366, 3369, 3370, 3371, 3373, 3378, 3379, 3384, 3387, 3388, 3389, 3391, 3396, 3399, 3400, 3401, 3402, 3403, 3406, 3409, 3410, 3411, 3413, 3414, 3419, 3420, 3432, 3435, 3436, 3437, 3439, 3443, 3448, 3453, 3456, 3457, 3458, 3459, 3462, 3463, 3464, 3465, 3466, 3467, 3468, 3469, 3470, 3471, 3472, 3473, 3474, 3475, 3476, 3477, 3478, 3479, 3480, 3481, 3482, 3483, 3484, 3485, 3486, 3487, 3488, 3489, 3490, 3491, 3492, 3493, 3494, 3495, 3496, 3497, 3498, 3499, 3500, 3503, 3504, 3506, 3512, 3513, 3516, 3517, 3518, 3520, 3525, 3526, 3527, 3532, 3535, 3557, 3611, 3640, 3641, 3642, 3644, 3649, 3650, 3651, 3656, 3659, 3660, 3661, 3663, 3668, 3669, 3670, 3675, 3678, 3679, 3680, 3682, 3687, 3688, 3699, 3702, 3703, 3704, 3706, 3711, 3712, 3723, 3726, 3727, 3728, 3730, 3735, 3736, 3739, 3740, 3741, 3742, 3743, 3746, 3747, 3748, 3750, 3755, 3758, 3759, 3760, 3761, 3764, 3765, 3766, 3767, 3768, 3769, 3770, 3771, 3772, 3773, 3774, 3775, 3776, 3777, 3778, 3779, 3781, 3785, 3788, 3792, 3793, 3796, 3797, 3798, 3799, 3800, 3801, 3802, 3804, 3805, 3806, 380
[...]
6, 67, 68, 69, 70, 71, 73, 74, 80, 81, 87, 88, 97, 107, 117, 127, 139, 140, 144, 145, 146, 147, 157, 158, 159, 160, 165, 166, 172, 173, 174, 183, 184, 185, 186, 187, 198, 201, 207, 208, 209, 210, 211, 212], "summary": {"covered_lines": 60, "num_statements": 69, "percent_covered": 86.95652173913044, "percent_covered_display": "87", "missing_lines": 9, "excluded_lines": 0, "percent_statements_covered": 86.95652173913044, "percent_statements_covered_display": "87"}, "missing_lines": [82, 83, 98, 99, 108, 118, 128, 167, 170], "excluded_lines": [], "functions": {"IntegrityViolation.__str__": {"executed_lines": [63], "summary": {"covered_lines": 1, "num_statements": 1, "percent_covered": 100.0, "percent_covered_display": "100", "missing_lines": 0, "excluded_lines": 0, "percent_statements_covered": 100.0, "percent_statements_covered_display": "100"}, "missing_lines": [], "excluded_lines": [], "start_line": 62}, "_check_one_source": {"executed_lines": [67, 68, 69, 70, 71, 73, 74, 80, 81, 87, 88, 97, 107, 117, 127, 139, 140, 144, 145, 146, 147, 157, 158, 159, 160, 165, 166, 172, 173, 174, 183, 184, 185, 186, 187, 198], "summary": {"covered_lines": 36, "num_statements": 45, "percent_covered": 80.0, "percent_covered_display": "80", "missing_lines": 9, "excluded_lines": 0, "percent_statements_covered": 80.0, "percent_statements_covered_display": "80"}, "missing_lines": [82, 83, 98, 99, 108, 118, 128, 167, 170], "excluded_lines": [], "start_line": 66}, "verify_build_sources": {"executed_lines": [207, 208, 209, 210, 211, 212], "summary": {"covered_lines": 6, "num_statements": 6, "percent_covered": 100.0, "percent_covered_display": "100", "missing_lines": 0, "excluded_lines": 0, "percent_statements_covered": 100.0, "percent_statements_covered_display": "100"}, "missing_lines": [], "excluded_lines": [], "start_line": 201}, "": {"executed_lines": [37, 39, 40, 41, 42, 44, 46, 49, 55, 56, 57, 58, 59, 60, 62, 66, 201], "summary": {"covered_lines": 17, "num_statements": 17, "percent_covered": 100.0, "percent_covered_display": "100", "missing_lines": 0, "excluded_lines": 0, "percent_statements_covered": 100.0, "percent_statements_covered_display": "100"}, "missing_lines": [], "excluded_lines": [], "start_line": 1}}, "classes": {"RawIntegrityError": {"executed_lines": [], "summary": {"covered_lines": 0, "num_statements": 0, "percent_covered": 100.0, "percent_covered_display": "100", "missing_lines": 0, "excluded_lines": 0, "percent_statements_covered": 100.0, "percent_statements_covered_display": "100"}, "missing_lines": [], "excluded_lines": [], "start_line": 49}, "IntegrityViolation": {"executed_lines": [63], "summary": {"covered_lines": 1, "num_statements": 1, "percent_covered": 100.0, "percent_covered_display": "100", "missing_lines": 0, "excluded_lines": 0, "percent_statements_covered": 100.0, "percent_statements_covered_display": "100"}, "missing_lines": [], "excluded_lines": [], "start_line": 56}, "": {"executed_lines": [37, 39, 40, 41, 42, 44, 46, 49, 55, 56, 57, 58, 59, 60, 62, 66, 67, 68, 69, 70, 71, 73, 74, 80, 81, 87, 88, 97, 107, 117, 127, 139, 140, 144, 145, 146, 147, 157, 158, 159, 160, 165, 166, 172, 173, 174, 183, 184, 185, 186, 187, 198, 201, 207, 208, 209, 210, 211, 212], "summary": {"covered_lines": 59, "num_statements": 68, "percent_covered": 86.76470588235294, "percent_covered_display": "87", "missing_lines": 9, "excluded_lines": 0, "percent_statements_covered": 86.76470588235294, "percent_statements_covered_display": "87"}, "missing_lines": [82, 83, 98, 99, 108, 118, 128, 167, 170], "excluded_lines": [], "start_line": 1}}}, "src\\credlens\\warehouse\\queries.py": {"executed_lines": [12, 14, 15, 19, 32, 36, 37, 42, 47, 50, 61, 62, 63, 65, 67, 69, 70, 72, 74, 75, 76, 77, 78, 79, 81, 82], "summary": {"covered_lines": 26, "num_statements": 27, "percent_covered": 96.29629629629629, "percent_covered_display": "96", "missing_lines": 1, "excluded_lines": 0, "percent_statements_covered": 96.29629629629629, "percent_statements_covered_display": "96"}, "missing_lines": [43], "excluded_lines": [], "functions": {"_qualified_table": {"executed_lines": [37, 42, 47], "summary": {"covered_lines": 3, "num_statements": 4, "percent_covered": 75.0, "percent_covered_display": "75", "missing_lines": 1, "excluded_lines": 0, "percent_statements_covered": 75.0, "percent_statements_covered_display": "75"}, "missing_lines": [43], "excluded_lines": [], "start_line": 36}, "run_named_query": {"executed_lines": [61, 62, 63, 65, 67, 69, 70, 72, 74, 75, 76, 77, 78, 79, 81, 82], "summary": {"covered_lines": 16, "num_statements": 16, "percent_covered": 100.0, "percent_covered_display": "100", "missing_lines": 0, "excluded_lines": 0, "percent_statements_covered": 100.0, "percent_statements_covered_display": "100"}, "missing_lines": [], "excluded_lines": [], "start_line": 50}, "": {"executed_lines": [12, 14, 15, 19, 32, 36, 50], "summary": {"covered_lines": 7, "num_statements": 7, "percent_covered": 100.0, "percent_covered_display": "100", "missing_lines": 0, "excluded_lines": 0, "percent_statements_covered": 100.0, "percent_statements_covered_display": "100"}, "missing_lines": [], "excluded_lines": [], "start_line": 1}}, "classes": {"QueryError": {"executed_lines": [], "summary": {"covered_lines": 0, "num_statements": 0, "percent_covered": 100.0, "percent_covered_display": "100", "missing_lines": 0, "excluded_lines": 0, "percent_statements_covered": 100.0, "percent_statements_covered_display": "100"}, "missing_lines": [], "excluded_lines": [], "start_line": 32}, "": {"executed_lines": [12, 14, 15, 19, 32, 36, 37, 42, 47, 50, 61, 62, 63, 65, 67, 69, 70, 72, 74, 75, 76, 77, 78, 79, 81, 82], "summary": {"covered_lines": 26, "num_statements": 27, "percent_covered": 96.29629629629629, "percent_covered_display": "96", "missing_lines": 1, "excluded_lines": 0, "percent_statements_covered": 96.29629629629629, "percent_statements_covered_display": "96"}, "missing_lines": [43], "excluded_lines": [], "start_line": 1}}}, "src\\credlens\\warehouse\\reconciliation.py": {"executed_lines": [43, 45, 46, 47, 48, 50, 52, 53, 56, 61, 67, 68, 71, 72, 75, 76, 79, 80, 81, 82, 83, 84, 85, 86, 88, 89, 101, 106, 107, 108, 112, 117, 120, 121, 122, 125, 130, 131, 132, 134, 137, 138, 139, 140, 144, 145, 146, 150, 151, 152, 157, 166, 167, 170, 171, 172, 173, 174, 177, 188, 191, 192, 193, 194, 195, 196, 197, 198, 199, 201, 211, 212, 215, 216, 217, 218, 219, 220, 221, 222, 226, 234, 235, 238, 239, 240, 241, 247, 250, 251, 252, 253, 258, 261, 265, 266, 267, 268, 271, 282, 285, 292, 293, 294, 299, 302, 314, 326, 328, 330, 332, 333, 334, 335, 336, 337, 338, 339, 340, 342], "summary": {"covered_lines": 120, "num_statements": 122, "percent_covered": 98.36065573770492, "percent_covered_display": "98", "missing_lines": 2, "excluded_lines": 0, "percent_statements_covered": 98.36065573770492, "percent_statements_covered_display": "98"}, "missing_lines": [133, 147], "excluded_lines": [], "functions": {"to_cents": {"executed_lines": [67, 68], "summary": {"covered_lines": 2, "num_statements": 2, "percent_covered": 100.0, "percent_covered_display": "100", "missing_lines": 0, "excluded_lines": 0, "percent_statements_covered": 100.0, "percent_statements_covered_display": "100"}, "missing_lines": [], "excluded_lines": [], "start_line": 61}, "_sum_cents": {"executed_lines": [72], "summary": {"covered_lines": 1, "num_statements": 1, "percent_covered": 100.0, "percent_covered_display": "100", "missing_lines": 0, "excluded_lines": 0, "percent_statements_covered": 100.0, "percent_statements_covered_display": "100"}, "missing_lines": [], "excluded_lines": [], "start_line": 71}, "ReconciliationCheck.to_dict": {"executed_lines": [89], "summary": {"covered_lines": 1, "num_statements": 1, "percent_covered": 100.0, "percent_covered_display": "100", "missing_lines": 0, "excluded_lines": 0, "percent_statements_covered": 100.0, "percent_statements_covered_display": "100"}, "missing_lines": [], "excluded_lines": [], "start_line": 88}, "_money_check": {"executed_lines": [106, 107, 108, 112], "summary": {"covered_lines": 4, "num_statements": 4, "percent_covered": 100.0, "percent_covered_display": "100", "missing_lines": 0, "excluded_lines": 0, "percent_statements_covered": 100.0, "percent_statements_covered_display": "100"}, "missing_lines": [], "excluded_lines": [], "start_line": 101}, "_ratio_check": {"executed_lines": [120, 121, 122, 125], "summary": {"covered_lines": 4, "num_statements": 4, "percent_covered": 100.0, "percent_covered_display": "100", "missing_lines": 0, "excluded_lines": 0, "percent_statements_covered": 100.0, "percent_statements_covered_display": "100"}, "missing_lines": [], "excluded_lines": [], "start_line": 117}, "_read_parquet": {"executed_lines": [131, 132, 134], "summary": {"covered_lines": 3, "num_statements": 4, "percent_covered": 75.0, "percent_covered_display": "75", "missing_lines": 1, "excluded_lines": 0, "percent_statements_covered": 75.0, "percent_statements_covered_display": "75"}, "missing_lines": [133], "excluded_lines": [], "start_line": 130}, "_sql_cents": {"executed_lines": [138, 139, 140, 144, 145, 146], "summary": {"covered_lines": 6, "num_statements": 7, "percent_covered": 85.71428571428571, "percent_covered_display": "86", "missing_lines": 1, "excluded_lines": 0, "percent_statements_covered": 85.71428571428571, "percent_statements_covered_display": "86"}, "missing_lines": [147], "excluded_lines": [], "start_line": 137}, "reconcile_approval_rate": {"executed_lines": [151, 152, 157, 166, 167], "summary": {"covered_lines": 5, "num_statements": 5, "percent_covered": 100.0, "percent_covered_display": "100", "missing_lines": 0, "excluded_lines": 0, "percent_statements_covered": 100.0, "percent_statements_covered_display": "100"}, "missing_lines": [], "excluded_lines": [], "start_line": 150}, "reconcile_outstanding_balance": {"executed_lines": [171, 172, 173, 174, 177, 188], "summary": {"covered_lines": 6, "num_statements": 6, "percent_covered": 100.0, "percent_covered_display": "100", "missing_lines": 0, "excluded_lines": 0, "percent_statements_covered": 100.0, "percent_statements_covered_display": "100"}, "missing_lines": [], "excluded_lines": [], "start_line": 170}, "reconcile_par90": {"executed_lines": [192, 193, 194, 195, 196, 197, 198, 199, 201, 211, 212], "summary": {"covered_lines": 11, "num_statements": 11, "percent_covered": 100.0, "percent_covered_display": "100", "missing_lines": 0, "excluded_lines": 0, "percent_statements_covered": 100.0, "percent_statements_covered_display": "100"}, "missing_lines": [], "excluded_lines": [], "start_line": 191}, "reconcile_cure_rate": {"executed_lines": [216, 217, 218, 219, 220, 221, 222, 226, 234, 235], "summary": {"covered_lines": 10, "num_statements": 10, "percent_covered": 100.0, "percent_covered_display": "100", "missing_lines": 0, "excluded_lines": 0, "percent_statements_covered": 100.0, "percent_statements_covered_display": "100"}, "missing_lines": [], "excluded_lines": [], "start_line": 215}, "reconcile_write_off_amount": {"executed_lines": [239, 240, 241, 247], "summary": {"covered_lines": 4, "num_statements": 4, "percent_covered": 100.0, "percent_covered_display": "100", "missing_lines": 0, "excluded_lines": 0, "percent_statements_covered": 100.0, "percent_statements_covered_display": "100"}, "missing_lines": [], "excluded_lines": [], "start_line": 238}, "reconcile_recovery_amount": {"executed_lines": [251, 252, 253, 258], "summary": {"covered_lines": 4, "num_statements": 4, "percent_covered": 100.0, "percent_covered_display": "100", "missing_lines": 0, "excluded_lines": 0, "percent_statements_covered": 100.0, "percent_statements_covered_display": "100"}, "missing_lines": [], "excluded_lines": [], "start_line": 250}, "reconcile_paid_amount": {"executed_lines": [265, 266, 267, 268, 271, 282], "summary": {"covered_lines": 6, "num_statements": 6, "percent_covered": 100.0, "percent_covered_display": "100", "missing_lines": 0, "excluded_lines": 0, "percent_statements_covered": 100.0, "percent_statements_covered_display": "100"}, "missing_lines": [], "excluded_lines": [], "start_line": 261}, "reconcile_scheduled_amount": {"executed_lines": [292, 293, 294, 299], "summary": {"covered_lines": 4, "num_statements": 4, "percent_covered": 100.0, "percent_covered_display": "100", "missing_lines": 0, "excluded_lines": 0, "percent_statements_covered": 100.0, "percent_statements_covered_display": "100"}, "missing_lines": [], "excluded_lines": [], "start_line": 285}, "run_reconciliation": {"executed_lines": [326, 328, 330, 332, 333, 334, 335, 336, 337, 338, 339, 340, 342], "summary": {"covered_lines": 13, "num_statements": 13, "percent_covered": 100.0, "percent_covered_display": "100", "missing_lines": 0, "excluded_lines": 0, "percent_statements_covered": 100.0, "percent_statements_covered_display": "100"}, "missing_lines": [], "excluded_lines": [], "start_line": 314}, "": {"executed_lines": [43, 45, 46, 47, 48, 50, 52, 53, 56, 61, 71, 75, 76, 79, 80, 81, 82, 83, 84, 85, 86, 88, 101, 117, 130, 137, 150, 170, 191, 215, 238, 250, 261, 285, 302, 314], "summary": {"covered_lines": 36, "num_statements": 36, "percent_covered": 100.0, "percent_covered_display": "100", "missing_lines": 0, "excluded_lines": 0, "percent_statements_covered": 100.0, "percent_statements_covered_display": "100"}, "missing_lines": [], "excluded_lines": [], "start_line": 1}}, "classes": {"ReconciliationError": {"executed_lines": [], "summary": {"covered_lines": 0, "num_statements": 0, "percent_covered": 100.0, "percent_covered_display": "100", "missing_lines": 0, "excluded_lines": 0, "percent_statements_covered": 100.0, "percent_statements_covered_display": "100"}, "missing_lines": [], "excluded_lines": [], "start_line": 56}, "ReconciliationCheck": {"executed_lines": [89], "summary": {"covered_lines": 1, "num_statements": 1, "percent_covered": 100.0, "percent_covered_display": "100", "missing_lines": 0, "excluded_lines": 0, "percent_statements_covered": 100.0, "percent_statements_covered_display": "100"}, "missing_lines": [], "excluded_lines": [], "start_line": 76}, "": {"executed_lines": [43, 45, 46, 47, 48, 50, 52, 53, 56, 61, 67, 68, 71, 72, 75, 76, 79, 80, 81, 82, 83, 84, 85, 86, 88, 101, 106, 107, 108, 112, 117, 120, 121, 122, 125, 130, 131, 132, 134, 137, 138, 139, 140, 144, 145, 146, 150, 151, 152, 157, 166, 167, 170, 171, 172, 173, 174, 177, 188, 191, 192, 193, 194, 195, 196, 197, 198, 199, 201, 211, 212, 215, 216, 217, 218, 219, 220, 221, 222, 226, 234, 235, 238, 239, 240, 241, 247, 250, 251, 252, 253, 258, 261, 265, 266, 267, 268, 271, 282, 285, 292, 293, 294, 299, 302, 314, 326, 328, 330, 332, 333, 334, 335, 336, 337, 338, 339, 340, 342], "summary": {"covered_lines": 119, "num_statements": 121, "percent_covered": 98.34710743801652, "percent_covered_display": "98", "missing_lines": 2, "excluded_lines": 0, "percent_statements_covered": 98.34710743801652, "percent_statements_covered_display": "98"}, "missing_lines": [133, 147], "excluded_lines": [], "start_line": 1}}}, "src\\credlens\\warehouse\\sources.py": {"executed_lines": [19, 21, 22, 23, 24, 26, 27, 28, 37, 40, 44, 45, 49, 50, 51, 52, 53, 54, 55, 56, 57, 58, 59, 60, 62, 63, 79, 80, 81, 86, 87, 90, 93, 94, 95, 99, 104, 105, 107, 108, 109, 118, 119, 120, 124, 125, 133, 134, 138, 139, 141, 142, 145, 146, 147, 148, 149, 150, 155, 156, 157, 159, 161, 162, 164, 180, 198, 199, 204, 205, 206, 208, 210, 211, 213, 214, 215, 216, 217, 219, 220, 221, 222, 224], "summary": {"covered_lines": 84, "num_statements": 92, "percent_covered": 91.30434782608695, "percent_covered_display": "91", "missing_lines": 8, "excluded_lines": 0, "percent_statements_covered": 91.30434782608695, "percent_statements_covered_display": "91"}, "missing_lines": [82, 88, 89, 100, 106, 121, 122, 143], "excluded_lines": [], "functions": {"SourceRecord.to_dict": {"executed_lines": [63], "summary": {"covered_lines": 1, "num_statements": 1, "percent_covered": 100.0, "percent_covered_display": "100", "missing_lines": 0, "excluded_lines": 0, "percent_statements_covered": 100.0, "percent_statements_covered_display": "100"}, "missing_lines": [], "excluded_lines": [], "start_line": 62}, "_read_manifest": {"executed_lines": [80, 81, 86, 87, 90], "summary": {"covered_lines": 5, "num_statements": 8, "percent_covered": 62.5, "percent_covered_display": "62", "missing_lines": 3, "excluded_lines": 0, "percent_statements_covered": 62.5, "percent_statements_covered_display": "62"}, "missing_lines": [82, 88, 89], "excluded_lines": [], "start_line": 79}, "_validate_manifest": {"executed_lines": [94, 95, 99, 104, 105, 107, 108, 109], "summary": {"covered_lines": 8, "num_statements": 10, "percent_covered": 80.0, "percent_covered_display": "80", "missing_lines": 2, "excluded_lines": 0, "percent_statements_covered": 80.0, "percent_statements_covered_display": "80"}, "missing_lines": [100, 106], "excluded_lines": [], "start_line": 93}, "_load_one_run": {"executed_lines": [119, 120, 124, 125, 133, 134, 138, 139, 141, 142, 145, 146, 147, 148, 149, 150, 155, 156, 157, 159, 161, 162, 164], "summary": {"covered_lines": 23, "num_statements": 26, "percent_covered": 88.46153846153847, "percent_covered_display": "88", "missing_lines": 3, "excluded_lines": 0, "percent_statements_covered": 88.46153846153847, "percent_statements_covered_display": "88"}, "missing_lines": [121, 122, 143], "excluded_lines": [], "start_line": 118}, "resolve_sources": {"executed_lines": [198, 199, 204, 205, 206, 208, 210, 211, 213, 214, 215, 216, 217, 219, 220, 221, 222, 224], "summary": {"covered_lines": 18, "num_statements": 18, "percent_covered": 100.0, "percent_covered_display": "100", "missing_lines": 0, "excluded_lines": 0, "percent_statements_covered": 100.0, "percent_statements_covered_display": "100"}, "missing_lines": [], "excluded_lines": [], "start_line": 180}, "": {"executed_lines": [19, 21, 22, 23, 24, 26, 27, 28, 37, 40, 44, 45, 49, 50, 51, 52, 53, 54, 55, 56, 57, 58, 59, 60, 62, 79, 93, 118, 180], "summary": {"covered_lines": 29, "num_statements": 29, "percent_covered": 100.0, "percent_covered_display": "100", "missing_lines": 0, "excluded_lines": 0, "percent_statements_covered": 100.0, "percent_statements_covered_display": "100"}, "missing_lines": [], "excluded_lines": [], "start_line": 1}}, "classes": {"SourceSelectionError": {"executed_lines": [], "summary": {"covered_lines": 0, "num_statements": 0, "percent_covered": 100.0, "percent_covered_display": "100", "missing_lines": 0, "excluded_lines": 0, "percent_statements_covered": 100.0, "percent_statements_covered_display": "100"}, "missing_lines": [], "excluded_lines": [], "start_line": 40}, "SourceRecord": {"executed_lines": [63], "summary": {"covered_lines": 1, "num_statements": 1, "percent_covered": 100.0, "percent_covered_display": "100", "missing_lines": 0, "excluded_lines": 0, "percent_statements_covered": 100.0, "percent_statements_covered_display": "100"}, "missing_lines": [], "excluded_lines": [], "start_line": 45}, "": {"executed_lines": [19, 21, 22, 23, 24, 26, 27, 28, 37, 40, 44, 45, 49, 50, 51, 52, 53, 54, 55, 56, 57, 58, 59, 60, 62, 79, 80, 81, 86, 87, 90, 93, 94, 95, 99, 104, 105, 107, 108, 109, 118, 119, 120, 124, 125, 133, 134, 138, 139, 141, 142, 145, 146, 147, 148, 149, 150, 155, 156, 157, 159, 161, 162, 164, 180, 198, 199, 204, 205, 206, 208, 210, 211, 213, 214, 215, 216, 217, 219, 220, 221, 222, 224], "summary": {"covered_lines": 83, "num_statements": 91, "percent_covered": 91.20879120879121, "percent_covered_display": "91", "missing_lines": 8, "excluded_lines": 0, "percent_statements_covered": 91.20879120879121, "percent_statements_covered_display": "91"}, "missing_lines": [82, 88, 89, 100, 106, 121, 122, 143], "excluded_lines": [], "start_line": 1}}}}, "totals": {"covered_lines": 13936, "num_statements": 14764, "percent_covered": 94.39176374966134, "percent_covered_display": "94", "missing_lines": 828, "excluded_lines": 12, "percent_statements_covered": 94.39176374966134, "percent_statements_covered_display": "94"}}